2023-02-25 09:37:11,497 [Worker-4: Loading available Gradle versions] INFO  o.e.b.c.i.u.g.PublishedGradleVersions - Gradle version information cache is up-to-date. Trying to read.
2023-02-25 09:51:16,805 [Worker-23: Launching mavenrun-d3472ed0-5cc2-4bb0-9350-f5101af9c8ca] INFO  o.eclipse.m2e.core.internal.Bundles - getClasspathEntries(Bundle=org.eclipse.m2e.maven.runtime_3.8.604.20221130-2149 [600])
2023-02-25 09:51:16,811 [Worker-23: Launching mavenrun-d3472ed0-5cc2-4bb0-9350-f5101af9c8ca] INFO  o.eclipse.m2e.core.internal.Bundles - 	Entry: /opt/eclipse/plugins/org.eclipse.m2e.maven.runtime_3.8.604.20221130-2149
2023-02-25 09:51:16,812 [Worker-23: Launching mavenrun-d3472ed0-5cc2-4bb0-9350-f5101af9c8ca] INFO  o.eclipse.m2e.core.internal.Bundles - 	Entry: /opt/eclipse/plugins/org.eclipse.m2e.maven.runtime_3.8.604.20221130-2149/jars/aether-connector-okhttp-0.17.8.jar
2023-02-25 09:51:16,812 [Worker-23: Launching mavenrun-d3472ed0-5cc2-4bb0-9350-f5101af9c8ca] INFO  o.eclipse.m2e.core.internal.Bundles - 	Entry: /opt/eclipse/plugins/org.eclipse.m2e.maven.runtime_3.8.604.20221130-2149/jars/commons-cli-1.4.jar
2023-02-25 09:51:16,812 [Worker-23: Launching mavenrun-d3472ed0-5cc2-4bb0-9350-f5101af9c8ca] INFO  o.eclipse.m2e.core.internal.Bundles - 	Entry: /opt/eclipse/plugins/org.eclipse.m2e.maven.runtime_3.8.604.20221130-2149/jars/commons-io-2.6.jar
2023-02-25 09:51:16,812 [Worker-23: Launching mavenrun-d3472ed0-5cc2-4bb0-9350-f5101af9c8ca] INFO  o.eclipse.m2e.core.internal.Bundles - 	Entry: /opt/eclipse/plugins/org.eclipse.m2e.maven.runtime_3.8.604.20221130-2149/jars/commons-lang3-3.8.1.jar
2023-02-25 09:51:16,812 [Worker-23: Launching mavenrun-d3472ed0-5cc2-4bb0-9350-f5101af9c8ca] INFO  o.eclipse.m2e.core.internal.Bundles - 	Entry: /opt/eclipse/plugins/org.eclipse.m2e.maven.runtime_3.8.604.20221130-2149/jars/guice-4.2.2-no_aop.jar
2023-02-25 09:51:16,812 [Worker-23: Launching mavenrun-d3472ed0-5cc2-4bb0-9350-f5101af9c8ca] INFO  o.eclipse.m2e.core.internal.Bundles - 	Entry: /opt/eclipse/plugins/org.eclipse.m2e.maven.runtime_3.8.604.20221130-2149/jars/jansi-2.4.0.jar
2023-02-25 09:51:16,812 [Worker-23: Launching mavenrun-d3472ed0-5cc2-4bb0-9350-f5101af9c8ca] INFO  o.eclipse.m2e.core.internal.Bundles - 	Entry: /opt/eclipse/plugins/org.eclipse.m2e.maven.runtime_3.8.604.20221130-2149/jars/maven-artifact-3.8.6.jar
2023-02-25 09:51:16,812 [Worker-23: Launching mavenrun-d3472ed0-5cc2-4bb0-9350-f5101af9c8ca] INFO  o.eclipse.m2e.core.internal.Bundles - 	Entry: /opt/eclipse/plugins/org.eclipse.m2e.maven.runtime_3.8.604.20221130-2149/jars/maven-builder-support-3.8.6.jar
2023-02-25 09:51:16,812 [Worker-23: Launching mavenrun-d3472ed0-5cc2-4bb0-9350-f5101af9c8ca] INFO  o.eclipse.m2e.core.internal.Bundles - 	Entry: /opt/eclipse/plugins/org.eclipse.m2e.maven.runtime_3.8.604.20221130-2149/jars/maven-compat-3.8.6.jar
2023-02-25 09:51:16,812 [Worker-23: Launching mavenrun-d3472ed0-5cc2-4bb0-9350-f5101af9c8ca] INFO  o.eclipse.m2e.core.internal.Bundles - 	Entry: /opt/eclipse/plugins/org.eclipse.m2e.maven.runtime_3.8.604.20221130-2149/jars/maven-core-3.8.6.jar
2023-02-25 09:51:16,812 [Worker-23: Launching mavenrun-d3472ed0-5cc2-4bb0-9350-f5101af9c8ca] INFO  o.eclipse.m2e.core.internal.Bundles - 	Entry: /opt/eclipse/plugins/org.eclipse.m2e.maven.runtime_3.8.604.20221130-2149/jars/maven-embedder-3.8.6.jar
2023-02-25 09:51:16,812 [Worker-23: Launching mavenrun-d3472ed0-5cc2-4bb0-9350-f5101af9c8ca] INFO  o.eclipse.m2e.core.internal.Bundles - 	Entry: /opt/eclipse/plugins/org.eclipse.m2e.maven.runtime_3.8.604.20221130-2149/jars/maven-model-3.8.6.jar
2023-02-25 09:51:16,812 [Worker-23: Launching mavenrun-d3472ed0-5cc2-4bb0-9350-f5101af9c8ca] INFO  o.eclipse.m2e.core.internal.Bundles - 	Entry: /opt/eclipse/plugins/org.eclipse.m2e.maven.runtime_3.8.604.20221130-2149/jars/maven-model-builder-3.8.6.jar
2023-02-25 09:51:16,813 [Worker-23: Launching mavenrun-d3472ed0-5cc2-4bb0-9350-f5101af9c8ca] INFO  o.eclipse.m2e.core.internal.Bundles - 	Entry: /opt/eclipse/plugins/org.eclipse.m2e.maven.runtime_3.8.604.20221130-2149/jars/maven-plugin-api-3.8.6.jar
2023-02-25 09:51:16,814 [Worker-23: Launching mavenrun-d3472ed0-5cc2-4bb0-9350-f5101af9c8ca] INFO  o.eclipse.m2e.core.internal.Bundles - 	Entry: /opt/eclipse/plugins/org.eclipse.m2e.maven.runtime_3.8.604.20221130-2149/jars/maven-repository-metadata-3.8.6.jar
2023-02-25 09:51:16,814 [Worker-23: Launching mavenrun-d3472ed0-5cc2-4bb0-9350-f5101af9c8ca] INFO  o.eclipse.m2e.core.internal.Bundles - 	Entry: /opt/eclipse/plugins/org.eclipse.m2e.maven.runtime_3.8.604.20221130-2149/jars/maven-resolver-api-1.6.3.jar
2023-02-25 09:51:16,814 [Worker-23: Launching mavenrun-d3472ed0-5cc2-4bb0-9350-f5101af9c8ca] INFO  o.eclipse.m2e.core.internal.Bundles - 	Entry: /opt/eclipse/plugins/org.eclipse.m2e.maven.runtime_3.8.604.20221130-2149/jars/maven-resolver-connector-basic-1.6.3.jar
2023-02-25 09:51:16,814 [Worker-23: Launching mavenrun-d3472ed0-5cc2-4bb0-9350-f5101af9c8ca] INFO  o.eclipse.m2e.core.internal.Bundles - 	Entry: /opt/eclipse/plugins/org.eclipse.m2e.maven.runtime_3.8.604.20221130-2149/jars/maven-resolver-impl-1.6.3.jar
2023-02-25 09:51:16,814 [Worker-23: Launching mavenrun-d3472ed0-5cc2-4bb0-9350-f5101af9c8ca] INFO  o.eclipse.m2e.core.internal.Bundles - 	Entry: /opt/eclipse/plugins/org.eclipse.m2e.maven.runtime_3.8.604.20221130-2149/jars/maven-resolver-provider-3.8.6.jar
2023-02-25 09:51:16,814 [Worker-23: Launching mavenrun-d3472ed0-5cc2-4bb0-9350-f5101af9c8ca] INFO  o.eclipse.m2e.core.internal.Bundles - 	Entry: /opt/eclipse/plugins/org.eclipse.m2e.maven.runtime_3.8.604.20221130-2149/jars/maven-resolver-spi-1.6.3.jar
2023-02-25 09:51:16,814 [Worker-23: Launching mavenrun-d3472ed0-5cc2-4bb0-9350-f5101af9c8ca] INFO  o.eclipse.m2e.core.internal.Bundles - 	Entry: /opt/eclipse/plugins/org.eclipse.m2e.maven.runtime_3.8.604.20221130-2149/jars/maven-resolver-transport-wagon-1.6.3.jar
2023-02-25 09:51:16,814 [Worker-23: Launching mavenrun-d3472ed0-5cc2-4bb0-9350-f5101af9c8ca] INFO  o.eclipse.m2e.core.internal.Bundles - 	Entry: /opt/eclipse/plugins/org.eclipse.m2e.maven.runtime_3.8.604.20221130-2149/jars/maven-resolver-util-1.6.3.jar
2023-02-25 09:51:16,814 [Worker-23: Launching mavenrun-d3472ed0-5cc2-4bb0-9350-f5101af9c8ca] INFO  o.eclipse.m2e.core.internal.Bundles - 	Entry: /opt/eclipse/plugins/org.eclipse.m2e.maven.runtime_3.8.604.20221130-2149/jars/maven-settings-3.8.6.jar
2023-02-25 09:51:16,814 [Worker-23: Launching mavenrun-d3472ed0-5cc2-4bb0-9350-f5101af9c8ca] INFO  o.eclipse.m2e.core.internal.Bundles - 	Entry: /opt/eclipse/plugins/org.eclipse.m2e.maven.runtime_3.8.604.20221130-2149/jars/maven-settings-builder-3.8.6.jar
2023-02-25 09:51:16,815 [Worker-23: Launching mavenrun-d3472ed0-5cc2-4bb0-9350-f5101af9c8ca] INFO  o.eclipse.m2e.core.internal.Bundles - 	Entry: /opt/eclipse/plugins/org.eclipse.m2e.maven.runtime_3.8.604.20221130-2149/jars/maven-shared-utils-3.3.4.jar
2023-02-25 09:51:16,817 [Worker-23: Launching mavenrun-d3472ed0-5cc2-4bb0-9350-f5101af9c8ca] INFO  o.eclipse.m2e.core.internal.Bundles - 	Entry: /opt/eclipse/plugins/org.eclipse.m2e.maven.runtime_3.8.604.20221130-2149/jars/okhttp-3.14.1.jar
2023-02-25 09:51:16,817 [Worker-23: Launching mavenrun-d3472ed0-5cc2-4bb0-9350-f5101af9c8ca] INFO  o.eclipse.m2e.core.internal.Bundles - 	Entry: /opt/eclipse/plugins/org.eclipse.m2e.maven.runtime_3.8.604.20221130-2149/jars/okio-1.17.3.jar
2023-02-25 09:51:16,817 [Worker-23: Launching mavenrun-d3472ed0-5cc2-4bb0-9350-f5101af9c8ca] INFO  o.eclipse.m2e.core.internal.Bundles - 	Entry: /opt/eclipse/plugins/org.eclipse.m2e.maven.runtime_3.8.604.20221130-2149/jars/org.eclipse.sisu.inject-0.3.5.jar
2023-02-25 09:51:16,817 [Worker-23: Launching mavenrun-d3472ed0-5cc2-4bb0-9350-f5101af9c8ca] INFO  o.eclipse.m2e.core.internal.Bundles - 	Entry: /opt/eclipse/plugins/org.eclipse.m2e.maven.runtime_3.8.604.20221130-2149/jars/org.eclipse.sisu.plexus-0.3.5.jar
2023-02-25 09:51:16,817 [Worker-23: Launching mavenrun-d3472ed0-5cc2-4bb0-9350-f5101af9c8ca] INFO  o.eclipse.m2e.core.internal.Bundles - 	Entry: /opt/eclipse/plugins/org.eclipse.m2e.maven.runtime_3.8.604.20221130-2149/jars/plexus-build-api-0.0.7.jar
2023-02-25 09:51:16,817 [Worker-23: Launching mavenrun-d3472ed0-5cc2-4bb0-9350-f5101af9c8ca] INFO  o.eclipse.m2e.core.internal.Bundles - 	Entry: /opt/eclipse/plugins/org.eclipse.m2e.maven.runtime_3.8.604.20221130-2149/jars/plexus-cipher-2.0.jar
2023-02-25 09:51:16,817 [Worker-23: Launching mavenrun-d3472ed0-5cc2-4bb0-9350-f5101af9c8ca] INFO  o.eclipse.m2e.core.internal.Bundles - 	Entry: /opt/eclipse/plugins/org.eclipse.m2e.maven.runtime_3.8.604.20221130-2149/jars/plexus-classworlds-2.6.0.jar
2023-02-25 09:51:16,818 [Worker-23: Launching mavenrun-d3472ed0-5cc2-4bb0-9350-f5101af9c8ca] INFO  o.eclipse.m2e.core.internal.Bundles - 	Entry: /opt/eclipse/plugins/org.eclipse.m2e.maven.runtime_3.8.604.20221130-2149/jars/plexus-component-annotations-2.1.0.jar
2023-02-25 09:51:16,818 [Worker-23: Launching mavenrun-d3472ed0-5cc2-4bb0-9350-f5101af9c8ca] INFO  o.eclipse.m2e.core.internal.Bundles - 	Entry: /opt/eclipse/plugins/org.eclipse.m2e.maven.runtime_3.8.604.20221130-2149/jars/plexus-interpolation-1.26.jar
2023-02-25 09:51:16,820 [Worker-23: Launching mavenrun-d3472ed0-5cc2-4bb0-9350-f5101af9c8ca] INFO  o.eclipse.m2e.core.internal.Bundles - 	Entry: /opt/eclipse/plugins/org.eclipse.m2e.maven.runtime_3.8.604.20221130-2149/jars/plexus-sec-dispatcher-2.0.jar
2023-02-25 09:51:16,820 [Worker-23: Launching mavenrun-d3472ed0-5cc2-4bb0-9350-f5101af9c8ca] INFO  o.eclipse.m2e.core.internal.Bundles - 	Entry: /opt/eclipse/plugins/org.eclipse.m2e.maven.runtime_3.8.604.20221130-2149/jars/plexus-utils-3.3.1.jar
2023-02-25 09:51:16,820 [Worker-23: Launching mavenrun-d3472ed0-5cc2-4bb0-9350-f5101af9c8ca] INFO  o.eclipse.m2e.core.internal.Bundles - 	Entry: /opt/eclipse/plugins/org.eclipse.m2e.maven.runtime_3.8.604.20221130-2149/jars/wagon-file-3.5.1.jar
2023-02-25 09:51:16,820 [Worker-23: Launching mavenrun-d3472ed0-5cc2-4bb0-9350-f5101af9c8ca] INFO  o.eclipse.m2e.core.internal.Bundles - 	Entry: /opt/eclipse/plugins/org.eclipse.m2e.maven.runtime_3.8.604.20221130-2149/jars/wagon-provider-api-3.5.1.jar
2023-02-25 09:51:16,822 [Worker-23: Launching mavenrun-d3472ed0-5cc2-4bb0-9350-f5101af9c8ca] INFO  o.eclipse.m2e.core.internal.Bundles - getClasspathEntries(Bundle=com.google.guava_30.1.0.v20221112-0806 [10])
2023-02-25 09:51:16,824 [Worker-23: Launching mavenrun-d3472ed0-5cc2-4bb0-9350-f5101af9c8ca] INFO  o.eclipse.m2e.core.internal.Bundles - 	Entry: /opt/eclipse/plugins/com.google.guava_30.1.0.v20221112-0806.jar
2023-02-25 09:51:16,824 [Worker-23: Launching mavenrun-d3472ed0-5cc2-4bb0-9350-f5101af9c8ca] INFO  o.eclipse.m2e.core.internal.Bundles - getClasspathEntries(Bundle=slf4j.api_1.7.36 [910])
2023-02-25 09:51:16,826 [Worker-23: Launching mavenrun-d3472ed0-5cc2-4bb0-9350-f5101af9c8ca] INFO  o.eclipse.m2e.core.internal.Bundles - 	Entry: /opt/eclipse/plugins/slf4j.api_1.7.36.jar
2023-02-25 09:51:16,826 [Worker-23: Launching mavenrun-d3472ed0-5cc2-4bb0-9350-f5101af9c8ca] INFO  o.eclipse.m2e.core.internal.Bundles - getClasspathEntries(Bundle=javax.inject_1.0.0.v20220405-0441 [32])
2023-02-25 09:51:16,828 [Worker-23: Launching mavenrun-d3472ed0-5cc2-4bb0-9350-f5101af9c8ca] INFO  o.eclipse.m2e.core.internal.Bundles - 	Entry: /opt/eclipse/plugins/javax.inject_1.0.0.v20220405-0441.jar
2023-02-25 09:51:16,828 [Worker-23: Launching mavenrun-d3472ed0-5cc2-4bb0-9350-f5101af9c8ca] INFO  o.eclipse.m2e.core.internal.Bundles - getClasspathEntries(Bundle=javax.annotation_1.3.5.v20221112-0806 [30])
2023-02-25 09:51:16,841 [Worker-23: Launching mavenrun-d3472ed0-5cc2-4bb0-9350-f5101af9c8ca] INFO  o.eclipse.m2e.core.internal.Bundles - 	Entry: /opt/eclipse/plugins/javax.annotation_1.3.5.v20221112-0806.jar
2023-02-25 09:51:16,844 [Worker-23: Launching mavenrun-d3472ed0-5cc2-4bb0-9350-f5101af9c8ca] INFO  o.e.m.i.launch.MavenLaunchDelegate - Run build in "/tmp/m2e-archetypeGenerator17946450792061526457":
2023-02-25 09:51:16,854 [Worker-23: Launching mavenrun-d3472ed0-5cc2-4bb0-9350-f5101af9c8ca] INFO  o.e.m.i.launch.MavenLaunchDelegate -  mvn  -DarchetypeGroupId=org.apache.maven.archetypes -DarchetypeArtifactId=maven-archetype-quickstart -DarchetypeVersion=1.1 -DgroupId=com.java.annotation -DartifactId=annotationDemo -Dversion=0.0.1-SNAPSHOT -Dpackage=com.java.annotation.annotationDemo -DoutputDirectory=/home/ridham/SpringCourse/springNew -Dstyle.color=always -U archetype:generate
2023-02-25 09:51:30,571 [Worker-10: Creating maven-archetype-quickstart] INFO  o.e.m.c.i.p.ProjectConfigurationManager - Collecting project info '/pom.xml' /home/ridham/SpringCourse/springNew/annotationDemo/pom.xml
2023-02-25 09:51:31,322 [Worker-10: Creating maven-archetype-quickstart] INFO  o.e.m.c.i.l.LifecycleMappingFactory - Using org.eclipse.m2e.jdt.JarLifecycleMapping lifecycle mapping for MavenProject: com.java.annotation:annotationDemo:0.0.1-SNAPSHOT @ /home/ridham/SpringCourse/springNew/annotationDemo/pom.xml.
2023-02-25 09:51:31,627 [Worker-10: Creating maven-archetype-quickstart] INFO  o.e.m.j.i.AbstractJavaProjectConfigurator - Adding source folder /annotationDemo/src/main/java
2023-02-25 09:51:31,629 [Worker-10: Creating maven-archetype-quickstart] INFO  o.e.m.j.i.AbstractJavaProjectConfigurator - Adding source folder /annotationDemo/src/test/java
2023-02-25 09:51:31,677 [Worker-10: Creating maven-archetype-quickstart] INFO  o.e.m.c.i.p.ProjectConfigurationManager - Imported and configured 1 project(s) in 1 sec
2023-02-25 09:51:32,132 [Worker-21: Building] INFO  o.e.m.c.i.embedder.EclipseLogger - Using 'UTF-8' encoding to copy filtered resources.
2023-02-25 09:51:32,132 [Worker-21: Building] INFO  o.e.m.c.i.embedder.EclipseLogger - skip non existing resourceDirectory /home/ridham/SpringCourse/springNew/annotationDemo/src/main/resources
2023-02-25 09:51:32,134 [Worker-21: Building] INFO  o.e.m.c.i.embedder.EclipseLogger - Using 'UTF-8' encoding to copy filtered resources.
2023-02-25 09:51:32,134 [Worker-21: Building] INFO  o.e.m.c.i.embedder.EclipseLogger - skip non existing resourceDirectory /home/ridham/SpringCourse/springNew/annotationDemo/src/test/resources
2023-02-25 09:52:24,289 [Worker-23: Building] INFO  o.e.m.c.i.l.LifecycleMappingFactory - Using org.eclipse.m2e.jdt.JarLifecycleMapping lifecycle mapping for MavenProject: com.java.annotation:annotationDemo:0.0.1-SNAPSHOT @ /home/ridham/SpringCourse/springNew/annotationDemo/pom.xml.
2023-02-25 09:52:24,567 [Worker-23: Building] INFO  o.e.m.c.i.embedder.EclipseLogger - Using 'UTF-8' encoding to copy filtered resources.
2023-02-25 09:52:24,568 [Worker-23: Building] INFO  o.e.m.c.i.embedder.EclipseLogger - skip non existing resourceDirectory /home/ridham/SpringCourse/springNew/annotationDemo/src/main/resources
2023-02-25 09:52:24,576 [Worker-23: Building] INFO  o.e.m.c.i.embedder.EclipseLogger - Using 'UTF-8' encoding to copy filtered resources.
2023-02-25 09:52:24,577 [Worker-23: Building] INFO  o.e.m.c.i.embedder.EclipseLogger - skip non existing resourceDirectory /home/ridham/SpringCourse/springNew/annotationDemo/src/test/resources
2023-02-25 09:52:25,553 [Worker-10: Download sources and javadoc] INFO  o.e.m.c.i.e.AbstractTransferListenerAdapter - Downloading https://repo.maven.apache.org/maven2/org/springframework/spring-web/5.0.1.RELEASE/spring-web-5.0.1.RELEASE-sources.jar
2023-02-25 09:52:25,897 [Worker-10: Download sources and javadoc] INFO  o.e.m.c.i.e.AbstractTransferListenerAdapter - Downloaded https://repo.maven.apache.org/maven2/org/springframework/spring-web/5.0.1.RELEASE/spring-web-5.0.1.RELEASE-sources.jar
2023-02-25 09:52:25,899 [Worker-10: Download sources and javadoc] INFO  o.e.m.j.internal.DownloadSourcesJob - Downloaded sources for org.springframework:spring-web:5.0.1.RELEASE
2023-02-25 09:52:25,974 [Worker-21: Building] INFO  o.e.m.c.i.embedder.EclipseLogger - Using 'UTF-8' encoding to copy filtered resources.
2023-02-25 09:52:25,974 [Worker-21: Building] INFO  o.e.m.c.i.embedder.EclipseLogger - skip non existing resourceDirectory /home/ridham/SpringCourse/springNew/annotationDemo/src/main/resources
2023-02-25 09:52:25,976 [Worker-21: Building] INFO  o.e.m.c.i.embedder.EclipseLogger - Using 'UTF-8' encoding to copy filtered resources.
2023-02-25 09:52:25,976 [Worker-21: Building] INFO  o.e.m.c.i.embedder.EclipseLogger - skip non existing resourceDirectory /home/ridham/SpringCourse/springNew/annotationDemo/src/test/resources
2023-02-25 09:52:25,992 [Worker-10: Download sources and javadoc] INFO  o.e.m.c.i.e.AbstractTransferListenerAdapter - Downloading https://repo.maven.apache.org/maven2/org/springframework/spring-beans/5.0.1.RELEASE/spring-beans-5.0.1.RELEASE-sources.jar
2023-02-25 09:52:26,197 [Worker-10: Download sources and javadoc] INFO  o.e.m.c.i.e.AbstractTransferListenerAdapter - Downloaded https://repo.maven.apache.org/maven2/org/springframework/spring-beans/5.0.1.RELEASE/spring-beans-5.0.1.RELEASE-sources.jar
2023-02-25 09:52:26,198 [Worker-10: Download sources and javadoc] INFO  o.e.m.j.internal.DownloadSourcesJob - Downloaded sources for org.springframework:spring-beans:5.0.1.RELEASE
2023-02-25 09:52:26,289 [Worker-10: Download sources and javadoc] INFO  o.e.m.c.i.e.AbstractTransferListenerAdapter - Downloading https://repo.maven.apache.org/maven2/org/springframework/spring-core/5.0.1.RELEASE/spring-core-5.0.1.RELEASE-sources.jar
2023-02-25 09:52:26,547 [Worker-10: Download sources and javadoc] INFO  o.e.m.c.i.e.AbstractTransferListenerAdapter - Downloaded https://repo.maven.apache.org/maven2/org/springframework/spring-core/5.0.1.RELEASE/spring-core-5.0.1.RELEASE-sources.jar
2023-02-25 09:52:26,548 [Worker-10: Download sources and javadoc] INFO  o.e.m.j.internal.DownloadSourcesJob - Downloaded sources for org.springframework:spring-core:5.0.1.RELEASE
2023-02-25 09:52:26,636 [Worker-10: Download sources and javadoc] INFO  o.e.m.c.i.e.AbstractTransferListenerAdapter - Downloading https://repo.maven.apache.org/maven2/org/springframework/spring-jcl/5.0.1.RELEASE/spring-jcl-5.0.1.RELEASE-sources.jar
2023-02-25 09:52:26,652 [Worker-10: Download sources and javadoc] INFO  o.e.m.c.i.e.AbstractTransferListenerAdapter - Downloaded https://repo.maven.apache.org/maven2/org/springframework/spring-jcl/5.0.1.RELEASE/spring-jcl-5.0.1.RELEASE-sources.jar
2023-02-25 09:52:26,652 [Worker-10: Download sources and javadoc] INFO  o.e.m.j.internal.DownloadSourcesJob - Downloaded sources for org.springframework:spring-jcl:5.0.1.RELEASE
2023-02-25 09:52:27,010 [Worker-21: Building] INFO  o.e.m.c.i.embedder.EclipseLogger - Using 'UTF-8' encoding to copy filtered resources.
2023-02-25 09:52:27,010 [Worker-21: Building] INFO  o.e.m.c.i.embedder.EclipseLogger - skip non existing resourceDirectory /home/ridham/SpringCourse/springNew/annotationDemo/src/main/resources
2023-02-25 09:52:27,011 [Worker-21: Building] INFO  o.e.m.c.i.embedder.EclipseLogger - Using 'UTF-8' encoding to copy filtered resources.
2023-02-25 09:52:27,012 [Worker-21: Building] INFO  o.e.m.c.i.embedder.EclipseLogger - skip non existing resourceDirectory /home/ridham/SpringCourse/springNew/annotationDemo/src/test/resources
2023-02-25 09:52:49,483 [Worker-22: Building] INFO  o.e.m.c.i.embedder.EclipseLogger - Using 'UTF-8' encoding to copy filtered resources.
2023-02-25 09:52:49,484 [Worker-22: Building] INFO  o.e.m.c.i.embedder.EclipseLogger - skip non existing resourceDirectory /home/ridham/SpringCourse/springNew/annotationDemo/src/main/resources
2023-02-25 09:52:49,486 [Worker-22: Building] INFO  o.e.m.c.i.embedder.EclipseLogger - Using 'UTF-8' encoding to copy filtered resources.
2023-02-25 09:52:49,486 [Worker-22: Building] INFO  o.e.m.c.i.embedder.EclipseLogger - skip non existing resourceDirectory /home/ridham/SpringCourse/springNew/annotationDemo/src/test/resources
2023-02-25 09:53:20,918 [Worker-20: Building] INFO  o.e.m.c.i.embedder.EclipseLogger - Using 'UTF-8' encoding to copy filtered resources.
2023-02-25 09:53:20,918 [Worker-20: Building] INFO  o.e.m.c.i.embedder.EclipseLogger - skip non existing resourceDirectory /home/ridham/SpringCourse/springNew/annotationDemo/src/main/resources
2023-02-25 09:53:20,923 [Worker-20: Building] INFO  o.e.m.c.i.embedder.EclipseLogger - Using 'UTF-8' encoding to copy filtered resources.
2023-02-25 09:53:20,923 [Worker-20: Building] INFO  o.e.m.c.i.embedder.EclipseLogger - skip non existing resourceDirectory /home/ridham/SpringCourse/springNew/annotationDemo/src/test/resources
2023-02-25 09:53:32,178 [Worker-23: Building] INFO  o.e.m.c.i.embedder.EclipseLogger - Using 'UTF-8' encoding to copy filtered resources.
2023-02-25 09:53:32,178 [Worker-23: Building] INFO  o.e.m.c.i.embedder.EclipseLogger - skip non existing resourceDirectory /home/ridham/SpringCourse/springNew/annotationDemo/src/main/resources
2023-02-25 09:53:32,180 [Worker-23: Building] INFO  o.e.m.c.i.embedder.EclipseLogger - Using 'UTF-8' encoding to copy filtered resources.
2023-02-25 09:53:32,180 [Worker-23: Building] INFO  o.e.m.c.i.embedder.EclipseLogger - skip non existing resourceDirectory /home/ridham/SpringCourse/springNew/annotationDemo/src/test/resources
2023-02-25 09:55:06,666 [Worker-10: Building] INFO  o.e.m.c.i.embedder.EclipseLogger - Using 'UTF-8' encoding to copy filtered resources.
2023-02-25 09:55:06,666 [Worker-10: Building] INFO  o.e.m.c.i.embedder.EclipseLogger - skip non existing resourceDirectory /home/ridham/SpringCourse/springNew/annotationDemo/src/main/resources
2023-02-25 09:55:06,668 [Worker-10: Building] INFO  o.e.m.c.i.embedder.EclipseLogger - Using 'UTF-8' encoding to copy filtered resources.
2023-02-25 09:55:06,668 [Worker-10: Building] INFO  o.e.m.c.i.embedder.EclipseLogger - skip non existing resourceDirectory /home/ridham/SpringCourse/springNew/annotationDemo/src/test/resources
2023-02-25 09:55:56,366 [Worker-10: Building] INFO  o.e.m.c.i.embedder.EclipseLogger - Using 'UTF-8' encoding to copy filtered resources.
2023-02-25 09:55:56,366 [Worker-10: Building] INFO  o.e.m.c.i.embedder.EclipseLogger - skip non existing resourceDirectory /home/ridham/SpringCourse/springNew/annotationDemo/src/main/resources
2023-02-25 09:55:56,369 [Worker-10: Building] INFO  o.e.m.c.i.embedder.EclipseLogger - Using 'UTF-8' encoding to copy filtered resources.
2023-02-25 09:55:56,369 [Worker-10: Building] INFO  o.e.m.c.i.embedder.EclipseLogger - skip non existing resourceDirectory /home/ridham/SpringCourse/springNew/annotationDemo/src/test/resources
2023-02-25 09:56:06,913 [main] INFO  o.e.m2e.actions.ExecutePomAction - Creating new launch configuration
2023-02-25 09:56:16,083 [Worker-22: Launching Executing install in _home_ridham_SpringCourse_springNew_annotationDemo] INFO  o.e.m.i.launch.MavenLaunchDelegate - Run build in "/home/ridham/SpringCourse/springNew/annotationDemo":
2023-02-25 09:56:16,083 [Worker-22: Launching Executing install in _home_ridham_SpringCourse_springNew_annotationDemo] INFO  o.e.m.i.launch.MavenLaunchDelegate -  mvn  -B -Dstyle.color=always install
2023-02-25 09:56:18,597 [Worker-20: Building] INFO  o.e.m.c.i.embedder.EclipseLogger - Using 'UTF-8' encoding to copy filtered resources.
2023-02-25 09:56:18,597 [Worker-20: Building] INFO  o.e.m.c.i.embedder.EclipseLogger - skip non existing resourceDirectory /home/ridham/SpringCourse/springNew/annotationDemo/src/main/resources
2023-02-25 09:56:18,599 [Worker-20: Building] INFO  o.e.m.c.i.embedder.EclipseLogger - Using 'UTF-8' encoding to copy filtered resources.
2023-02-25 09:56:18,599 [Worker-20: Building] INFO  o.e.m.c.i.embedder.EclipseLogger - skip non existing resourceDirectory /home/ridham/SpringCourse/springNew/annotationDemo/src/test/resources
2023-02-25 09:57:13,028 [Worker-22: Building] INFO  o.e.m.c.i.l.LifecycleMappingFactory - Using org.eclipse.m2e.jdt.JarLifecycleMapping lifecycle mapping for MavenProject: com.java.annotation:annotationDemo:0.0.1-SNAPSHOT @ /home/ridham/SpringCourse/springNew/annotationDemo/pom.xml.
2023-02-25 09:57:13,109 [Worker-22: Building] INFO  o.e.m.c.i.embedder.EclipseLogger - Using 'UTF-8' encoding to copy filtered resources.
2023-02-25 09:57:13,109 [Worker-22: Building] INFO  o.e.m.c.i.embedder.EclipseLogger - skip non existing resourceDirectory /home/ridham/SpringCourse/springNew/annotationDemo/src/main/resources
2023-02-25 09:57:13,112 [Worker-22: Building] INFO  o.e.m.c.i.embedder.EclipseLogger - Using 'UTF-8' encoding to copy filtered resources.
2023-02-25 09:57:13,112 [Worker-22: Building] INFO  o.e.m.c.i.embedder.EclipseLogger - skip non existing resourceDirectory /home/ridham/SpringCourse/springNew/annotationDemo/src/test/resources
2023-02-25 09:57:19,967 [Worker-18: Launching Executing install in _home_ridham_SpringCourse_springNew_annotationDemo] INFO  o.e.m.i.launch.MavenLaunchDelegate - Run build in "/home/ridham/SpringCourse/springNew/annotationDemo":
2023-02-25 09:57:19,968 [Worker-18: Launching Executing install in _home_ridham_SpringCourse_springNew_annotationDemo] INFO  o.e.m.i.launch.MavenLaunchDelegate -  mvn  -B -Dstyle.color=always install
2023-02-25 09:57:23,402 [Worker-20: Building] INFO  o.e.m.c.i.embedder.EclipseLogger - Using 'UTF-8' encoding to copy filtered resources.
2023-02-25 09:57:23,402 [Worker-20: Building] INFO  o.e.m.c.i.embedder.EclipseLogger - skip non existing resourceDirectory /home/ridham/SpringCourse/springNew/annotationDemo/src/main/resources
2023-02-25 09:57:23,403 [Worker-20: Building] INFO  o.e.m.c.i.embedder.EclipseLogger - Using 'UTF-8' encoding to copy filtered resources.
2023-02-25 09:57:23,403 [Worker-20: Building] INFO  o.e.m.c.i.embedder.EclipseLogger - skip non existing resourceDirectory /home/ridham/SpringCourse/springNew/annotationDemo/src/test/resources
2023-02-25 09:59:09,616 [Worker-24: Building] INFO  o.e.m.c.i.embedder.EclipseLogger - Using 'UTF-8' encoding to copy filtered resources.
2023-02-25 09:59:09,617 [Worker-24: Building] INFO  o.e.m.c.i.embedder.EclipseLogger - skip non existing resourceDirectory /home/ridham/SpringCourse/springNew/annotationDemo/src/main/resources
2023-02-25 09:59:09,618 [Worker-24: Building] INFO  o.e.m.c.i.embedder.EclipseLogger - Using 'UTF-8' encoding to copy filtered resources.
2023-02-25 09:59:09,619 [Worker-24: Building] INFO  o.e.m.c.i.embedder.EclipseLogger - skip non existing resourceDirectory /home/ridham/SpringCourse/springNew/annotationDemo/src/test/resources
2023-02-25 10:01:47,876 [Worker-23: Building] INFO  o.e.m.c.i.l.LifecycleMappingFactory - Using org.eclipse.m2e.jdt.JarLifecycleMapping lifecycle mapping for MavenProject: com.java.annotation:annotationDemo:0.0.1-SNAPSHOT @ /home/ridham/SpringCourse/springNew/annotationDemo/pom.xml.
2023-02-25 10:01:48,017 [AetherRepositoryConnector-repo.maven.apache.org-0-3] INFO  o.e.m.c.i.e.AbstractTransferListenerAdapter - Downloading https://repo.maven.apache.org/maven2/org/springframework/spring-expression/5.2.16.RELEASE/spring-expression-5.2.16.RELEASE.jar
2023-02-25 10:01:48,144 [AetherRepositoryConnector-repo.maven.apache.org-0-0] INFO  o.e.m.c.i.e.AbstractTransferListenerAdapter - Downloading https://repo.maven.apache.org/maven2/org/springframework/spring-context/5.2.16.RELEASE/spring-context-5.2.16.RELEASE.jar
2023-02-25 10:01:48,144 [AetherRepositoryConnector-repo.maven.apache.org-0-1] INFO  o.e.m.c.i.e.AbstractTransferListenerAdapter - Downloading https://repo.maven.apache.org/maven2/org/springframework/spring-aop/5.2.16.RELEASE/spring-aop-5.2.16.RELEASE.jar
2023-02-25 10:01:48,145 [AetherRepositoryConnector-repo.maven.apache.org-0-2] INFO  o.e.m.c.i.e.AbstractTransferListenerAdapter - Downloading https://repo.maven.apache.org/maven2/org/springframework/spring-beans/5.2.16.RELEASE/spring-beans-5.2.16.RELEASE.jar
2023-02-25 10:01:49,045 [AetherRepositoryConnector-repo.maven.apache.org-0-3] INFO  o.e.m.c.i.e.AbstractTransferListenerAdapter - Downloaded https://repo.maven.apache.org/maven2/org/springframework/spring-expression/5.2.16.RELEASE/spring-expression-5.2.16.RELEASE.jar
2023-02-25 10:01:49,184 [AetherRepositoryConnector-repo.maven.apache.org-0-1] INFO  o.e.m.c.i.e.AbstractTransferListenerAdapter - Downloaded https://repo.maven.apache.org/maven2/org/springframework/spring-aop/5.2.16.RELEASE/spring-aop-5.2.16.RELEASE.jar
2023-02-25 10:01:49,184 [AetherRepositoryConnector-repo.maven.apache.org-0-2] INFO  o.e.m.c.i.e.AbstractTransferListenerAdapter - Downloaded https://repo.maven.apache.org/maven2/org/springframework/spring-beans/5.2.16.RELEASE/spring-beans-5.2.16.RELEASE.jar
2023-02-25 10:01:49,203 [AetherRepositoryConnector-repo.maven.apache.org-0-0] INFO  o.e.m.c.i.e.AbstractTransferListenerAdapter - Downloaded https://repo.maven.apache.org/maven2/org/springframework/spring-context/5.2.16.RELEASE/spring-context-5.2.16.RELEASE.jar
2023-02-25 10:01:49,260 [Worker-23: Building] INFO  o.e.m.c.i.embedder.EclipseLogger - Using 'UTF-8' encoding to copy filtered resources.
2023-02-25 10:01:49,260 [Worker-23: Building] INFO  o.e.m.c.i.embedder.EclipseLogger - skip non existing resourceDirectory /home/ridham/SpringCourse/springNew/annotationDemo/src/main/resources
2023-02-25 10:01:49,262 [Worker-23: Building] INFO  o.e.m.c.i.embedder.EclipseLogger - Using 'UTF-8' encoding to copy filtered resources.
2023-02-25 10:01:49,262 [Worker-23: Building] INFO  o.e.m.c.i.embedder.EclipseLogger - skip non existing resourceDirectory /home/ridham/SpringCourse/springNew/annotationDemo/src/test/resources
2023-02-25 10:01:50,354 [Worker-23: Download sources and javadoc] INFO  o.e.m.c.i.e.AbstractTransferListenerAdapter - Downloading https://repo.maven.apache.org/maven2/org/springframework/spring-core/5.2.16.RELEASE/spring-core-5.2.16.RELEASE-sources.jar
2023-02-25 10:01:50,667 [Worker-23: Download sources and javadoc] INFO  o.e.m.c.i.e.AbstractTransferListenerAdapter - Downloaded https://repo.maven.apache.org/maven2/org/springframework/spring-core/5.2.16.RELEASE/spring-core-5.2.16.RELEASE-sources.jar
2023-02-25 10:01:50,668 [Worker-23: Download sources and javadoc] INFO  o.e.m.j.internal.DownloadSourcesJob - Downloaded sources for org.springframework:spring-core:5.2.16.RELEASE
2023-02-25 10:01:50,671 [Worker-25: Building] INFO  o.e.m.c.i.embedder.EclipseLogger - Using 'UTF-8' encoding to copy filtered resources.
2023-02-25 10:01:50,671 [Worker-25: Building] INFO  o.e.m.c.i.embedder.EclipseLogger - skip non existing resourceDirectory /home/ridham/SpringCourse/springNew/annotationDemo/src/main/resources
2023-02-25 10:01:50,673 [Worker-25: Building] INFO  o.e.m.c.i.embedder.EclipseLogger - Using 'UTF-8' encoding to copy filtered resources.
2023-02-25 10:01:50,673 [Worker-25: Building] INFO  o.e.m.c.i.embedder.EclipseLogger - skip non existing resourceDirectory /home/ridham/SpringCourse/springNew/annotationDemo/src/test/resources
2023-02-25 10:01:50,755 [Worker-23: Download sources and javadoc] INFO  o.e.m.c.i.e.AbstractTransferListenerAdapter - Downloading https://repo.maven.apache.org/maven2/org/springframework/spring-jcl/5.2.16.RELEASE/spring-jcl-5.2.16.RELEASE-sources.jar
2023-02-25 10:01:50,772 [Worker-23: Download sources and javadoc] INFO  o.e.m.c.i.e.AbstractTransferListenerAdapter - Downloaded https://repo.maven.apache.org/maven2/org/springframework/spring-jcl/5.2.16.RELEASE/spring-jcl-5.2.16.RELEASE-sources.jar
2023-02-25 10:01:50,773 [Worker-23: Download sources and javadoc] INFO  o.e.m.j.internal.DownloadSourcesJob - Downloaded sources for org.springframework:spring-jcl:5.2.16.RELEASE
2023-02-25 10:01:50,862 [Worker-23: Download sources and javadoc] INFO  o.e.m.c.i.e.AbstractTransferListenerAdapter - Downloading https://repo.maven.apache.org/maven2/org/springframework/spring-context/5.2.16.RELEASE/spring-context-5.2.16.RELEASE-sources.jar
2023-02-25 10:01:51,201 [Worker-23: Download sources and javadoc] INFO  o.e.m.c.i.e.AbstractTransferListenerAdapter - Downloaded https://repo.maven.apache.org/maven2/org/springframework/spring-context/5.2.16.RELEASE/spring-context-5.2.16.RELEASE-sources.jar
2023-02-25 10:01:51,202 [Worker-23: Download sources and javadoc] INFO  o.e.m.j.internal.DownloadSourcesJob - Downloaded sources for org.springframework:spring-context:5.2.16.RELEASE
2023-02-25 10:01:51,306 [Worker-23: Download sources and javadoc] INFO  o.e.m.c.i.e.AbstractTransferListenerAdapter - Downloading https://repo.maven.apache.org/maven2/org/springframework/spring-aop/5.2.16.RELEASE/spring-aop-5.2.16.RELEASE-sources.jar
2023-02-25 10:01:51,552 [Worker-23: Download sources and javadoc] INFO  o.e.m.c.i.e.AbstractTransferListenerAdapter - Downloaded https://repo.maven.apache.org/maven2/org/springframework/spring-aop/5.2.16.RELEASE/spring-aop-5.2.16.RELEASE-sources.jar
2023-02-25 10:01:51,553 [Worker-23: Download sources and javadoc] INFO  o.e.m.j.internal.DownloadSourcesJob - Downloaded sources for org.springframework:spring-aop:5.2.16.RELEASE
2023-02-25 10:01:51,642 [Worker-23: Download sources and javadoc] INFO  o.e.m.c.i.e.AbstractTransferListenerAdapter - Downloading https://repo.maven.apache.org/maven2/org/springframework/spring-beans/5.2.16.RELEASE/spring-beans-5.2.16.RELEASE-sources.jar
2023-02-25 10:01:51,906 [Worker-23: Download sources and javadoc] INFO  o.e.m.c.i.e.AbstractTransferListenerAdapter - Downloaded https://repo.maven.apache.org/maven2/org/springframework/spring-beans/5.2.16.RELEASE/spring-beans-5.2.16.RELEASE-sources.jar
2023-02-25 10:01:51,906 [Worker-23: Download sources and javadoc] INFO  o.e.m.j.internal.DownloadSourcesJob - Downloaded sources for org.springframework:spring-beans:5.2.16.RELEASE
2023-02-25 10:01:51,992 [Worker-23: Download sources and javadoc] INFO  o.e.m.c.i.e.AbstractTransferListenerAdapter - Downloading https://repo.maven.apache.org/maven2/org/springframework/spring-expression/5.2.16.RELEASE/spring-expression-5.2.16.RELEASE-sources.jar
2023-02-25 10:01:52,073 [Worker-23: Download sources and javadoc] INFO  o.e.m.c.i.e.AbstractTransferListenerAdapter - Downloaded https://repo.maven.apache.org/maven2/org/springframework/spring-expression/5.2.16.RELEASE/spring-expression-5.2.16.RELEASE-sources.jar
2023-02-25 10:01:52,074 [Worker-23: Download sources and javadoc] INFO  o.e.m.j.internal.DownloadSourcesJob - Downloaded sources for org.springframework:spring-expression:5.2.16.RELEASE
2023-02-25 10:01:52,254 [Worker-23: Building] INFO  o.e.m.c.i.embedder.EclipseLogger - Using 'UTF-8' encoding to copy filtered resources.
2023-02-25 10:01:52,254 [Worker-23: Building] INFO  o.e.m.c.i.embedder.EclipseLogger - skip non existing resourceDirectory /home/ridham/SpringCourse/springNew/annotationDemo/src/main/resources
2023-02-25 10:01:52,257 [Worker-23: Building] INFO  o.e.m.c.i.embedder.EclipseLogger - Using 'UTF-8' encoding to copy filtered resources.
2023-02-25 10:01:52,258 [Worker-23: Building] INFO  o.e.m.c.i.embedder.EclipseLogger - skip non existing resourceDirectory /home/ridham/SpringCourse/springNew/annotationDemo/src/test/resources
2023-02-25 10:01:55,523 [Worker-23: Building] INFO  o.e.m.c.i.embedder.EclipseLogger - Using 'UTF-8' encoding to copy filtered resources.
2023-02-25 10:01:55,524 [Worker-23: Building] INFO  o.e.m.c.i.embedder.EclipseLogger - skip non existing resourceDirectory /home/ridham/SpringCourse/springNew/annotationDemo/src/main/resources
2023-02-25 10:01:55,525 [Worker-23: Building] INFO  o.e.m.c.i.embedder.EclipseLogger - Using 'UTF-8' encoding to copy filtered resources.
2023-02-25 10:01:55,525 [Worker-23: Building] INFO  o.e.m.c.i.embedder.EclipseLogger - skip non existing resourceDirectory /home/ridham/SpringCourse/springNew/annotationDemo/src/test/resources
2023-02-25 10:02:13,722 [Worker-18: Launching Executing install in _home_ridham_SpringCourse_springNew_annotationDemo] INFO  o.e.m.i.launch.MavenLaunchDelegate - Run build in "/home/ridham/SpringCourse/springNew/annotationDemo":
2023-02-25 10:02:13,722 [Worker-18: Launching Executing install in _home_ridham_SpringCourse_springNew_annotationDemo] INFO  o.e.m.i.launch.MavenLaunchDelegate -  mvn  -B -Dstyle.color=always install
2023-02-25 10:02:16,696 [Worker-27: Building] INFO  o.e.m.c.i.embedder.EclipseLogger - Using 'UTF-8' encoding to copy filtered resources.
2023-02-25 10:02:16,696 [Worker-27: Building] INFO  o.e.m.c.i.embedder.EclipseLogger - skip non existing resourceDirectory /home/ridham/SpringCourse/springNew/annotationDemo/src/main/resources
2023-02-25 10:02:16,698 [Worker-27: Building] INFO  o.e.m.c.i.embedder.EclipseLogger - Using 'UTF-8' encoding to copy filtered resources.
2023-02-25 10:02:16,698 [Worker-27: Building] INFO  o.e.m.c.i.embedder.EclipseLogger - skip non existing resourceDirectory /home/ridham/SpringCourse/springNew/annotationDemo/src/test/resources
2023-02-25 10:03:21,651 [Worker-18: Building] INFO  o.e.m.c.i.embedder.EclipseLogger - Using 'UTF-8' encoding to copy filtered resources.
2023-02-25 10:03:21,651 [Worker-18: Building] INFO  o.e.m.c.i.embedder.EclipseLogger - skip non existing resourceDirectory /home/ridham/SpringCourse/springNew/annotationDemo/src/main/resources
2023-02-25 10:03:21,652 [Worker-18: Building] INFO  o.e.m.c.i.embedder.EclipseLogger - Using 'UTF-8' encoding to copy filtered resources.
2023-02-25 10:03:21,652 [Worker-18: Building] INFO  o.e.m.c.i.embedder.EclipseLogger - skip non existing resourceDirectory /home/ridham/SpringCourse/springNew/annotationDemo/src/test/resources
2023-02-25 10:03:42,504 [Worker-21: Building] INFO  o.e.m.c.i.embedder.EclipseLogger - Using 'UTF-8' encoding to copy filtered resources.
2023-02-25 10:03:42,504 [Worker-21: Building] INFO  o.e.m.c.i.embedder.EclipseLogger - skip non existing resourceDirectory /home/ridham/SpringCourse/springNew/annotationDemo/src/main/resources
2023-02-25 10:03:42,506 [Worker-21: Building] INFO  o.e.m.c.i.embedder.EclipseLogger - Using 'UTF-8' encoding to copy filtered resources.
2023-02-25 10:03:42,506 [Worker-21: Building] INFO  o.e.m.c.i.embedder.EclipseLogger - skip non existing resourceDirectory /home/ridham/SpringCourse/springNew/annotationDemo/src/test/resources
2023-02-25 10:05:42,115 [Worker-27: Building] INFO  o.e.m.c.i.embedder.EclipseLogger - Using 'UTF-8' encoding to copy filtered resources.
2023-02-25 10:05:42,115 [Worker-27: Building] INFO  o.e.m.c.i.embedder.EclipseLogger - skip non existing resourceDirectory /home/ridham/SpringCourse/springNew/annotationDemo/src/main/resources
2023-02-25 10:05:42,117 [Worker-27: Building] INFO  o.e.m.c.i.embedder.EclipseLogger - Using 'UTF-8' encoding to copy filtered resources.
2023-02-25 10:05:42,118 [Worker-27: Building] INFO  o.e.m.c.i.embedder.EclipseLogger - skip non existing resourceDirectory /home/ridham/SpringCourse/springNew/annotationDemo/src/test/resources
2023-02-25 10:06:18,680 [Worker-27: Building] INFO  o.e.m.c.i.embedder.EclipseLogger - Using 'UTF-8' encoding to copy filtered resources.
2023-02-25 10:06:18,681 [Worker-27: Building] INFO  o.e.m.c.i.embedder.EclipseLogger - skip non existing resourceDirectory /home/ridham/SpringCourse/springNew/annotationDemo/src/main/resources
2023-02-25 10:06:18,683 [Worker-27: Building] INFO  o.e.m.c.i.embedder.EclipseLogger - Using 'UTF-8' encoding to copy filtered resources.
2023-02-25 10:06:18,683 [Worker-27: Building] INFO  o.e.m.c.i.embedder.EclipseLogger - skip non existing resourceDirectory /home/ridham/SpringCourse/springNew/annotationDemo/src/test/resources
2023-02-25 10:06:21,255 [Worker-21: Building] INFO  o.e.m.c.i.embedder.EclipseLogger - Using 'UTF-8' encoding to copy filtered resources.
2023-02-25 10:06:21,255 [Worker-21: Building] INFO  o.e.m.c.i.embedder.EclipseLogger - skip non existing resourceDirectory /home/ridham/SpringCourse/springNew/annotationDemo/src/main/resources
2023-02-25 10:06:21,257 [Worker-21: Building] INFO  o.e.m.c.i.embedder.EclipseLogger - Using 'UTF-8' encoding to copy filtered resources.
2023-02-25 10:06:21,257 [Worker-21: Building] INFO  o.e.m.c.i.embedder.EclipseLogger - skip non existing resourceDirectory /home/ridham/SpringCourse/springNew/annotationDemo/src/test/resources
2023-02-25 10:06:32,390 [Worker-23: Building] INFO  o.e.m.c.i.embedder.EclipseLogger - Using 'UTF-8' encoding to copy filtered resources.
2023-02-25 10:06:32,390 [Worker-23: Building] INFO  o.e.m.c.i.embedder.EclipseLogger - skip non existing resourceDirectory /home/ridham/SpringCourse/springNew/annotationDemo/src/main/resources
2023-02-25 10:06:32,392 [Worker-23: Building] INFO  o.e.m.c.i.embedder.EclipseLogger - Using 'UTF-8' encoding to copy filtered resources.
2023-02-25 10:06:32,392 [Worker-23: Building] INFO  o.e.m.c.i.embedder.EclipseLogger - skip non existing resourceDirectory /home/ridham/SpringCourse/springNew/annotationDemo/src/test/resources
2023-02-25 10:06:41,859 [Worker-18: Launching Executing install in _home_ridham_SpringCourse_springNew_annotationDemo] INFO  o.e.m.i.launch.MavenLaunchDelegate - Run build in "/home/ridham/SpringCourse/springNew/annotationDemo":
2023-02-25 10:06:41,859 [Worker-18: Launching Executing install in _home_ridham_SpringCourse_springNew_annotationDemo] INFO  o.e.m.i.launch.MavenLaunchDelegate -  mvn  -B -Dstyle.color=always install
2023-02-25 10:06:44,781 [Worker-21: Building] INFO  o.e.m.c.i.embedder.EclipseLogger - Using 'UTF-8' encoding to copy filtered resources.
2023-02-25 10:06:44,782 [Worker-21: Building] INFO  o.e.m.c.i.embedder.EclipseLogger - skip non existing resourceDirectory /home/ridham/SpringCourse/springNew/annotationDemo/src/main/resources
2023-02-25 10:06:44,783 [Worker-21: Building] INFO  o.e.m.c.i.embedder.EclipseLogger - Using 'UTF-8' encoding to copy filtered resources.
2023-02-25 10:06:44,783 [Worker-21: Building] INFO  o.e.m.c.i.embedder.EclipseLogger - skip non existing resourceDirectory /home/ridham/SpringCourse/springNew/annotationDemo/src/test/resources
2023-02-25 10:08:23,304 [Worker-26: Building] INFO  o.e.m.c.i.embedder.EclipseLogger - Using 'UTF-8' encoding to copy filtered resources.
2023-02-25 10:08:23,304 [Worker-26: Building] INFO  o.e.m.c.i.embedder.EclipseLogger - skip non existing resourceDirectory /home/ridham/SpringCourse/springNew/annotationDemo/src/main/resources
2023-02-25 10:08:23,305 [Worker-26: Building] INFO  o.e.m.c.i.embedder.EclipseLogger - Using 'UTF-8' encoding to copy filtered resources.
2023-02-25 10:08:23,305 [Worker-26: Building] INFO  o.e.m.c.i.embedder.EclipseLogger - skip non existing resourceDirectory /home/ridham/SpringCourse/springNew/annotationDemo/src/test/resources
2023-02-25 10:09:12,167 [Worker-21: Building] INFO  o.e.m.c.i.embedder.EclipseLogger - Using 'UTF-8' encoding to copy filtered resources.
2023-02-25 10:09:12,167 [Worker-21: Building] INFO  o.e.m.c.i.embedder.EclipseLogger - skip non existing resourceDirectory /home/ridham/SpringCourse/springNew/annotationDemo/src/main/resources
2023-02-25 10:09:12,168 [Worker-21: Building] INFO  o.e.m.c.i.embedder.EclipseLogger - Using 'UTF-8' encoding to copy filtered resources.
2023-02-25 10:09:12,169 [Worker-21: Building] INFO  o.e.m.c.i.embedder.EclipseLogger - skip non existing resourceDirectory /home/ridham/SpringCourse/springNew/annotationDemo/src/test/resources
2023-02-25 10:09:23,045 [Worker-28: Building] INFO  o.e.m.c.i.embedder.EclipseLogger - Using 'UTF-8' encoding to copy filtered resources.
2023-02-25 10:09:23,045 [Worker-28: Building] INFO  o.e.m.c.i.embedder.EclipseLogger - skip non existing resourceDirectory /home/ridham/SpringCourse/springNew/annotationDemo/src/main/resources
2023-02-25 10:09:23,046 [Worker-28: Building] INFO  o.e.m.c.i.embedder.EclipseLogger - Using 'UTF-8' encoding to copy filtered resources.
2023-02-25 10:09:23,046 [Worker-28: Building] INFO  o.e.m.c.i.embedder.EclipseLogger - skip non existing resourceDirectory /home/ridham/SpringCourse/springNew/annotationDemo/src/test/resources
2023-02-25 10:09:34,791 [Worker-26: Building] INFO  o.e.m.c.i.embedder.EclipseLogger - Using 'UTF-8' encoding to copy filtered resources.
2023-02-25 10:09:34,791 [Worker-26: Building] INFO  o.e.m.c.i.embedder.EclipseLogger - skip non existing resourceDirectory /home/ridham/SpringCourse/springNew/annotationDemo/src/main/resources
2023-02-25 10:09:34,793 [Worker-26: Building] INFO  o.e.m.c.i.embedder.EclipseLogger - Using 'UTF-8' encoding to copy filtered resources.
2023-02-25 10:09:34,793 [Worker-26: Building] INFO  o.e.m.c.i.embedder.EclipseLogger - skip non existing resourceDirectory /home/ridham/SpringCourse/springNew/annotationDemo/src/test/resources
2023-02-25 10:12:27,578 [Worker-18: Building] INFO  o.e.m.c.i.embedder.EclipseLogger - Using 'UTF-8' encoding to copy filtered resources.
2023-02-25 10:12:27,578 [Worker-18: Building] INFO  o.e.m.c.i.embedder.EclipseLogger - skip non existing resourceDirectory /home/ridham/SpringCourse/springNew/annotationDemo/src/main/resources
2023-02-25 10:12:27,580 [Worker-18: Building] INFO  o.e.m.c.i.embedder.EclipseLogger - Using 'UTF-8' encoding to copy filtered resources.
2023-02-25 10:12:27,580 [Worker-18: Building] INFO  o.e.m.c.i.embedder.EclipseLogger - skip non existing resourceDirectory /home/ridham/SpringCourse/springNew/annotationDemo/src/test/resources
2023-02-25 10:12:34,628 [Worker-30: Building] INFO  o.e.m.c.i.embedder.EclipseLogger - Using 'UTF-8' encoding to copy filtered resources.
2023-02-25 10:12:34,628 [Worker-30: Building] INFO  o.e.m.c.i.embedder.EclipseLogger - skip non existing resourceDirectory /home/ridham/SpringCourse/springNew/annotationDemo/src/main/resources
2023-02-25 10:12:34,630 [Worker-30: Building] INFO  o.e.m.c.i.embedder.EclipseLogger - Using 'UTF-8' encoding to copy filtered resources.
2023-02-25 10:12:34,630 [Worker-30: Building] INFO  o.e.m.c.i.embedder.EclipseLogger - skip non existing resourceDirectory /home/ridham/SpringCourse/springNew/annotationDemo/src/test/resources
2023-02-25 10:13:10,734 [Worker-18: Building] INFO  o.e.m.c.i.embedder.EclipseLogger - Using 'UTF-8' encoding to copy filtered resources.
2023-02-25 10:13:10,734 [Worker-18: Building] INFO  o.e.m.c.i.embedder.EclipseLogger - skip non existing resourceDirectory /home/ridham/SpringCourse/springNew/annotationDemo/src/main/resources
2023-02-25 10:13:10,735 [Worker-18: Building] INFO  o.e.m.c.i.embedder.EclipseLogger - Using 'UTF-8' encoding to copy filtered resources.
2023-02-25 10:13:10,735 [Worker-18: Building] INFO  o.e.m.c.i.embedder.EclipseLogger - skip non existing resourceDirectory /home/ridham/SpringCourse/springNew/annotationDemo/src/test/resources
2023-02-25 10:14:13,691 [Worker-18: Building] INFO  o.e.m.c.i.embedder.EclipseLogger - Using 'UTF-8' encoding to copy filtered resources.
2023-02-25 10:14:13,691 [Worker-18: Building] INFO  o.e.m.c.i.embedder.EclipseLogger - skip non existing resourceDirectory /home/ridham/SpringCourse/springNew/annotationDemo/src/main/resources
2023-02-25 10:14:13,693 [Worker-18: Building] INFO  o.e.m.c.i.embedder.EclipseLogger - Using 'UTF-8' encoding to copy filtered resources.
2023-02-25 10:14:13,693 [Worker-18: Building] INFO  o.e.m.c.i.embedder.EclipseLogger - skip non existing resourceDirectory /home/ridham/SpringCourse/springNew/annotationDemo/src/test/resources
2023-02-25 10:15:02,562 [Worker-29: Building] INFO  o.e.m.c.i.embedder.EclipseLogger - Using 'UTF-8' encoding to copy filtered resources.
2023-02-25 10:15:02,562 [Worker-29: Building] INFO  o.e.m.c.i.embedder.EclipseLogger - skip non existing resourceDirectory /home/ridham/SpringCourse/springNew/annotationDemo/src/main/resources
2023-02-25 10:15:02,563 [Worker-29: Building] INFO  o.e.m.c.i.embedder.EclipseLogger - Using 'UTF-8' encoding to copy filtered resources.
2023-02-25 10:15:02,563 [Worker-29: Building] INFO  o.e.m.c.i.embedder.EclipseLogger - skip non existing resourceDirectory /home/ridham/SpringCourse/springNew/annotationDemo/src/test/resources
2023-02-25 10:15:30,491 [Worker-30: Building] INFO  o.e.m.c.i.embedder.EclipseLogger - Using 'UTF-8' encoding to copy filtered resources.
2023-02-25 10:15:30,491 [Worker-30: Building] INFO  o.e.m.c.i.embedder.EclipseLogger - skip non existing resourceDirectory /home/ridham/SpringCourse/springNew/annotationDemo/src/main/resources
2023-02-25 10:15:30,492 [Worker-30: Building] INFO  o.e.m.c.i.embedder.EclipseLogger - Using 'UTF-8' encoding to copy filtered resources.
2023-02-25 10:15:30,493 [Worker-30: Building] INFO  o.e.m.c.i.embedder.EclipseLogger - skip non existing resourceDirectory /home/ridham/SpringCourse/springNew/annotationDemo/src/test/resources
2023-02-25 10:15:49,435 [Worker-30: Building] INFO  o.e.m.c.i.embedder.EclipseLogger - Using 'UTF-8' encoding to copy filtered resources.
2023-02-25 10:15:49,435 [Worker-30: Building] INFO  o.e.m.c.i.embedder.EclipseLogger - skip non existing resourceDirectory /home/ridham/SpringCourse/springNew/annotationDemo/src/main/resources
2023-02-25 10:15:49,436 [Worker-30: Building] INFO  o.e.m.c.i.embedder.EclipseLogger - Using 'UTF-8' encoding to copy filtered resources.
2023-02-25 10:15:49,436 [Worker-30: Building] INFO  o.e.m.c.i.embedder.EclipseLogger - skip non existing resourceDirectory /home/ridham/SpringCourse/springNew/annotationDemo/src/test/resources
2023-02-25 10:16:54,265 [Worker-27: Building] INFO  o.e.m.c.i.embedder.EclipseLogger - Using 'UTF-8' encoding to copy filtered resources.
2023-02-25 10:16:54,265 [Worker-27: Building] INFO  o.e.m.c.i.embedder.EclipseLogger - skip non existing resourceDirectory /home/ridham/SpringCourse/springNew/annotationDemo/src/main/resources
2023-02-25 10:16:54,267 [Worker-27: Building] INFO  o.e.m.c.i.embedder.EclipseLogger - Using 'UTF-8' encoding to copy filtered resources.
2023-02-25 10:16:54,268 [Worker-27: Building] INFO  o.e.m.c.i.embedder.EclipseLogger - skip non existing resourceDirectory /home/ridham/SpringCourse/springNew/annotationDemo/src/test/resources
2023-02-25 10:17:08,879 [Worker-27: Building] INFO  o.e.m.c.i.embedder.EclipseLogger - Using 'UTF-8' encoding to copy filtered resources.
2023-02-25 10:17:08,880 [Worker-27: Building] INFO  o.e.m.c.i.embedder.EclipseLogger - skip non existing resourceDirectory /home/ridham/SpringCourse/springNew/annotationDemo/src/main/resources
2023-02-25 10:17:08,883 [Worker-27: Building] INFO  o.e.m.c.i.embedder.EclipseLogger - Using 'UTF-8' encoding to copy filtered resources.
2023-02-25 10:17:08,883 [Worker-27: Building] INFO  o.e.m.c.i.embedder.EclipseLogger - skip non existing resourceDirectory /home/ridham/SpringCourse/springNew/annotationDemo/src/test/resources
2023-02-25 10:17:17,677 [Worker-32: Building] INFO  o.e.m.c.i.embedder.EclipseLogger - Using 'UTF-8' encoding to copy filtered resources.
2023-02-25 10:17:17,677 [Worker-32: Building] INFO  o.e.m.c.i.embedder.EclipseLogger - skip non existing resourceDirectory /home/ridham/SpringCourse/springNew/annotationDemo/src/main/resources
2023-02-25 10:17:17,678 [Worker-32: Building] INFO  o.e.m.c.i.embedder.EclipseLogger - Using 'UTF-8' encoding to copy filtered resources.
2023-02-25 10:17:17,678 [Worker-32: Building] INFO  o.e.m.c.i.embedder.EclipseLogger - skip non existing resourceDirectory /home/ridham/SpringCourse/springNew/annotationDemo/src/test/resources
2023-02-25 10:19:50,682 [Worker-34: Building] INFO  o.e.m.c.i.embedder.EclipseLogger - Using 'UTF-8' encoding to copy filtered resources.
2023-02-25 10:19:50,682 [Worker-34: Building] INFO  o.e.m.c.i.embedder.EclipseLogger - skip non existing resourceDirectory /home/ridham/SpringCourse/springNew/annotationDemo/src/main/resources
2023-02-25 10:19:50,683 [Worker-34: Building] INFO  o.e.m.c.i.embedder.EclipseLogger - Using 'UTF-8' encoding to copy filtered resources.
2023-02-25 10:19:50,683 [Worker-34: Building] INFO  o.e.m.c.i.embedder.EclipseLogger - skip non existing resourceDirectory /home/ridham/SpringCourse/springNew/annotationDemo/src/test/resources
2023-02-25 10:21:22,809 [Worker-18: Building] INFO  o.e.m.c.i.embedder.EclipseLogger - Using 'UTF-8' encoding to copy filtered resources.
2023-02-25 10:21:22,809 [Worker-18: Building] INFO  o.e.m.c.i.embedder.EclipseLogger - skip non existing resourceDirectory /home/ridham/SpringCourse/springNew/annotationDemo/src/main/resources
2023-02-25 10:21:22,810 [Worker-18: Building] INFO  o.e.m.c.i.embedder.EclipseLogger - Using 'UTF-8' encoding to copy filtered resources.
2023-02-25 10:21:22,810 [Worker-18: Building] INFO  o.e.m.c.i.embedder.EclipseLogger - skip non existing resourceDirectory /home/ridham/SpringCourse/springNew/annotationDemo/src/test/resources
2023-02-25 10:21:45,027 [Worker-29: Building] INFO  o.e.m.c.i.embedder.EclipseLogger - Using 'UTF-8' encoding to copy filtered resources.
2023-02-25 10:21:45,027 [Worker-29: Building] INFO  o.e.m.c.i.embedder.EclipseLogger - skip non existing resourceDirectory /home/ridham/SpringCourse/springNew/annotationDemo/src/main/resources
2023-02-25 10:21:45,029 [Worker-29: Building] INFO  o.e.m.c.i.embedder.EclipseLogger - Using 'UTF-8' encoding to copy filtered resources.
2023-02-25 10:21:45,029 [Worker-29: Building] INFO  o.e.m.c.i.embedder.EclipseLogger - skip non existing resourceDirectory /home/ridham/SpringCourse/springNew/annotationDemo/src/test/resources
2023-02-25 10:22:38,551 [Worker-33: Building] INFO  o.e.m.c.i.embedder.EclipseLogger - Using 'UTF-8' encoding to copy filtered resources.
2023-02-25 10:22:38,551 [Worker-33: Building] INFO  o.e.m.c.i.embedder.EclipseLogger - skip non existing resourceDirectory /home/ridham/SpringCourse/springNew/annotationDemo/src/main/resources
2023-02-25 10:22:38,553 [Worker-33: Building] INFO  o.e.m.c.i.embedder.EclipseLogger - Using 'UTF-8' encoding to copy filtered resources.
2023-02-25 10:22:38,553 [Worker-33: Building] INFO  o.e.m.c.i.embedder.EclipseLogger - skip non existing resourceDirectory /home/ridham/SpringCourse/springNew/annotationDemo/src/test/resources
2023-02-25 10:22:59,322 [Worker-34: Building] INFO  o.e.m.c.i.embedder.EclipseLogger - Using 'UTF-8' encoding to copy filtered resources.
2023-02-25 10:22:59,322 [Worker-34: Building] INFO  o.e.m.c.i.embedder.EclipseLogger - skip non existing resourceDirectory /home/ridham/SpringCourse/springNew/annotationDemo/src/main/resources
2023-02-25 10:22:59,324 [Worker-34: Building] INFO  o.e.m.c.i.embedder.EclipseLogger - Using 'UTF-8' encoding to copy filtered resources.
2023-02-25 10:22:59,324 [Worker-34: Building] INFO  o.e.m.c.i.embedder.EclipseLogger - skip non existing resourceDirectory /home/ridham/SpringCourse/springNew/annotationDemo/src/test/resources
2023-02-25 10:24:23,214 [Worker-33: Building] INFO  o.e.m.c.i.embedder.EclipseLogger - Using 'UTF-8' encoding to copy filtered resources.
2023-02-25 10:24:23,214 [Worker-33: Building] INFO  o.e.m.c.i.embedder.EclipseLogger - skip non existing resourceDirectory /home/ridham/SpringCourse/springNew/annotationDemo/src/main/resources
2023-02-25 10:24:23,215 [Worker-33: Building] INFO  o.e.m.c.i.embedder.EclipseLogger - Using 'UTF-8' encoding to copy filtered resources.
2023-02-25 10:24:23,215 [Worker-33: Building] INFO  o.e.m.c.i.embedder.EclipseLogger - skip non existing resourceDirectory /home/ridham/SpringCourse/springNew/annotationDemo/src/test/resources
2023-02-25 10:24:26,890 [Worker-29: Building] INFO  o.e.m.c.i.embedder.EclipseLogger - Using 'UTF-8' encoding to copy filtered resources.
2023-02-25 10:24:26,890 [Worker-29: Building] INFO  o.e.m.c.i.embedder.EclipseLogger - skip non existing resourceDirectory /home/ridham/SpringCourse/springNew/annotationDemo/src/main/resources
2023-02-25 10:24:26,891 [Worker-29: Building] INFO  o.e.m.c.i.embedder.EclipseLogger - Using 'UTF-8' encoding to copy filtered resources.
2023-02-25 10:24:26,891 [Worker-29: Building] INFO  o.e.m.c.i.embedder.EclipseLogger - skip non existing resourceDirectory /home/ridham/SpringCourse/springNew/annotationDemo/src/test/resources
2023-02-25 10:27:45,835 [Worker-41: Building] INFO  o.e.m.c.i.embedder.EclipseLogger - Using 'UTF-8' encoding to copy filtered resources.
2023-02-25 10:27:45,835 [Worker-41: Building] INFO  o.e.m.c.i.embedder.EclipseLogger - skip non existing resourceDirectory /home/ridham/SpringCourse/springNew/annotationDemo/src/main/resources
2023-02-25 10:27:45,837 [Worker-41: Building] INFO  o.e.m.c.i.embedder.EclipseLogger - Using 'UTF-8' encoding to copy filtered resources.
2023-02-25 10:27:45,837 [Worker-41: Building] INFO  o.e.m.c.i.embedder.EclipseLogger - skip non existing resourceDirectory /home/ridham/SpringCourse/springNew/annotationDemo/src/test/resources
2023-02-25 10:28:03,714 [Worker-29: Building] INFO  o.e.m.c.i.embedder.EclipseLogger - Using 'UTF-8' encoding to copy filtered resources.
2023-02-25 10:28:03,714 [Worker-29: Building] INFO  o.e.m.c.i.embedder.EclipseLogger - skip non existing resourceDirectory /home/ridham/SpringCourse/springNew/annotationDemo/src/main/resources
2023-02-25 10:28:03,716 [Worker-29: Building] INFO  o.e.m.c.i.embedder.EclipseLogger - Using 'UTF-8' encoding to copy filtered resources.
2023-02-25 10:28:03,716 [Worker-29: Building] INFO  o.e.m.c.i.embedder.EclipseLogger - skip non existing resourceDirectory /home/ridham/SpringCourse/springNew/annotationDemo/src/test/resources
2023-02-25 10:30:56,871 [Worker-42: Building] INFO  o.e.m.c.i.embedder.EclipseLogger - Using 'UTF-8' encoding to copy filtered resources.
2023-02-25 10:30:56,871 [Worker-42: Building] INFO  o.e.m.c.i.embedder.EclipseLogger - skip non existing resourceDirectory /home/ridham/SpringCourse/springNew/annotationDemo/src/main/resources
2023-02-25 10:30:56,872 [Worker-42: Building] INFO  o.e.m.c.i.embedder.EclipseLogger - Using 'UTF-8' encoding to copy filtered resources.
2023-02-25 10:30:56,872 [Worker-42: Building] INFO  o.e.m.c.i.embedder.EclipseLogger - skip non existing resourceDirectory /home/ridham/SpringCourse/springNew/annotationDemo/src/test/resources
2023-02-25 10:31:03,820 [Worker-43: Building] INFO  o.e.m.c.i.embedder.EclipseLogger - Using 'UTF-8' encoding to copy filtered resources.
2023-02-25 10:31:03,820 [Worker-43: Building] INFO  o.e.m.c.i.embedder.EclipseLogger - skip non existing resourceDirectory /home/ridham/SpringCourse/springNew/annotationDemo/src/main/resources
2023-02-25 10:31:03,822 [Worker-43: Building] INFO  o.e.m.c.i.embedder.EclipseLogger - Using 'UTF-8' encoding to copy filtered resources.
2023-02-25 10:31:03,822 [Worker-43: Building] INFO  o.e.m.c.i.embedder.EclipseLogger - skip non existing resourceDirectory /home/ridham/SpringCourse/springNew/annotationDemo/src/test/resources
2023-02-25 10:31:08,634 [Worker-37: Building] INFO  o.e.m.c.i.embedder.EclipseLogger - Using 'UTF-8' encoding to copy filtered resources.
2023-02-25 10:31:08,634 [Worker-37: Building] INFO  o.e.m.c.i.embedder.EclipseLogger - skip non existing resourceDirectory /home/ridham/SpringCourse/springNew/annotationDemo/src/main/resources
2023-02-25 10:31:08,636 [Worker-37: Building] INFO  o.e.m.c.i.embedder.EclipseLogger - Using 'UTF-8' encoding to copy filtered resources.
2023-02-25 10:31:08,636 [Worker-37: Building] INFO  o.e.m.c.i.embedder.EclipseLogger - skip non existing resourceDirectory /home/ridham/SpringCourse/springNew/annotationDemo/src/test/resources
2023-02-25 10:32:45,457 [Worker-42: Building] INFO  o.e.m.c.i.embedder.EclipseLogger - Using 'UTF-8' encoding to copy filtered resources.
2023-02-25 10:32:45,458 [Worker-42: Building] INFO  o.e.m.c.i.embedder.EclipseLogger - skip non existing resourceDirectory /home/ridham/SpringCourse/springNew/annotationDemo/src/main/resources
2023-02-25 10:32:45,458 [Worker-42: Building] INFO  o.e.m.c.i.embedder.EclipseLogger - Using 'UTF-8' encoding to copy filtered resources.
2023-02-25 10:32:45,458 [Worker-42: Building] INFO  o.e.m.c.i.embedder.EclipseLogger - skip non existing resourceDirectory /home/ridham/SpringCourse/springNew/annotationDemo/src/test/resources
2023-02-25 10:56:32,880 [Worker-43: Building] INFO  o.e.m.c.i.embedder.EclipseLogger - Using 'UTF-8' encoding to copy filtered resources.
2023-02-25 10:56:32,880 [Worker-43: Building] INFO  o.e.m.c.i.embedder.EclipseLogger - skip non existing resourceDirectory /home/ridham/SpringCourse/springNew/annotationDemo/src/main/resources
2023-02-25 10:56:32,881 [Worker-43: Building] INFO  o.e.m.c.i.embedder.EclipseLogger - Using 'UTF-8' encoding to copy filtered resources.
2023-02-25 10:56:32,881 [Worker-43: Building] INFO  o.e.m.c.i.embedder.EclipseLogger - skip non existing resourceDirectory /home/ridham/SpringCourse/springNew/annotationDemo/src/test/resources
2023-02-25 10:56:43,074 [Worker-43: Building] INFO  o.e.m.c.i.embedder.EclipseLogger - Using 'UTF-8' encoding to copy filtered resources.
2023-02-25 10:56:43,074 [Worker-43: Building] INFO  o.e.m.c.i.embedder.EclipseLogger - skip non existing resourceDirectory /home/ridham/SpringCourse/springNew/annotationDemo/src/main/resources
2023-02-25 10:56:43,075 [Worker-43: Building] INFO  o.e.m.c.i.embedder.EclipseLogger - Using 'UTF-8' encoding to copy filtered resources.
2023-02-25 10:56:43,076 [Worker-43: Building] INFO  o.e.m.c.i.embedder.EclipseLogger - skip non existing resourceDirectory /home/ridham/SpringCourse/springNew/annotationDemo/src/test/resources
2023-02-25 10:57:41,367 [Worker-43: Building] INFO  o.e.m.c.i.embedder.EclipseLogger - Using 'UTF-8' encoding to copy filtered resources.
2023-02-25 10:57:41,367 [Worker-43: Building] INFO  o.e.m.c.i.embedder.EclipseLogger - skip non existing resourceDirectory /home/ridham/SpringCourse/springNew/annotationDemo/src/main/resources
2023-02-25 10:57:41,368 [Worker-43: Building] INFO  o.e.m.c.i.embedder.EclipseLogger - Using 'UTF-8' encoding to copy filtered resources.
2023-02-25 10:57:41,368 [Worker-43: Building] INFO  o.e.m.c.i.embedder.EclipseLogger - skip non existing resourceDirectory /home/ridham/SpringCourse/springNew/annotationDemo/src/test/resources
2023-02-25 11:02:14,467 [Worker-52: Building] INFO  o.e.m.c.i.embedder.EclipseLogger - Using 'UTF-8' encoding to copy filtered resources.
2023-02-25 11:02:14,467 [Worker-52: Building] INFO  o.e.m.c.i.embedder.EclipseLogger - skip non existing resourceDirectory /home/ridham/SpringCourse/springNew/annotationDemo/src/main/resources
2023-02-25 11:02:14,468 [Worker-52: Building] INFO  o.e.m.c.i.embedder.EclipseLogger - Using 'UTF-8' encoding to copy filtered resources.
2023-02-25 11:02:14,468 [Worker-52: Building] INFO  o.e.m.c.i.embedder.EclipseLogger - skip non existing resourceDirectory /home/ridham/SpringCourse/springNew/annotationDemo/src/test/resources
2023-02-25 11:59:42,851 [Worker-59: Building] INFO  o.e.m.c.i.embedder.EclipseLogger - Using 'UTF-8' encoding to copy filtered resources.
2023-02-25 11:59:42,851 [Worker-59: Building] INFO  o.e.m.c.i.embedder.EclipseLogger - skip non existing resourceDirectory /home/ridham/SpringCourse/springNew/annotationDemo/src/main/resources
2023-02-25 11:59:42,853 [Worker-59: Building] INFO  o.e.m.c.i.embedder.EclipseLogger - Using 'UTF-8' encoding to copy filtered resources.
2023-02-25 11:59:42,853 [Worker-59: Building] INFO  o.e.m.c.i.embedder.EclipseLogger - skip non existing resourceDirectory /home/ridham/SpringCourse/springNew/annotationDemo/src/test/resources
2023-02-25 12:00:07,385 [Worker-59: Building] INFO  o.e.m.c.i.embedder.EclipseLogger - Using 'UTF-8' encoding to copy filtered resources.
2023-02-25 12:00:07,385 [Worker-59: Building] INFO  o.e.m.c.i.embedder.EclipseLogger - skip non existing resourceDirectory /home/ridham/SpringCourse/springNew/annotationDemo/src/main/resources
2023-02-25 12:00:07,386 [Worker-59: Building] INFO  o.e.m.c.i.embedder.EclipseLogger - Using 'UTF-8' encoding to copy filtered resources.
2023-02-25 12:00:07,386 [Worker-59: Building] INFO  o.e.m.c.i.embedder.EclipseLogger - skip non existing resourceDirectory /home/ridham/SpringCourse/springNew/annotationDemo/src/test/resources
2023-02-25 12:00:30,737 [Worker-61: Building] INFO  o.e.m.c.i.embedder.EclipseLogger - Using 'UTF-8' encoding to copy filtered resources.
2023-02-25 12:00:30,737 [Worker-61: Building] INFO  o.e.m.c.i.embedder.EclipseLogger - skip non existing resourceDirectory /home/ridham/SpringCourse/springNew/annotationDemo/src/main/resources
2023-02-25 12:00:30,738 [Worker-61: Building] INFO  o.e.m.c.i.embedder.EclipseLogger - Using 'UTF-8' encoding to copy filtered resources.
2023-02-25 12:00:30,739 [Worker-61: Building] INFO  o.e.m.c.i.embedder.EclipseLogger - skip non existing resourceDirectory /home/ridham/SpringCourse/springNew/annotationDemo/src/test/resources
2023-02-25 12:00:39,886 [Worker-59: Launching Main (1)] INFO  o.e.m.c.i.embedder.EclipseLogger - Using 'UTF-8' encoding to copy filtered resources.
2023-02-25 12:00:39,886 [Worker-59: Launching Main (1)] INFO  o.e.m.c.i.embedder.EclipseLogger - skip non existing resourceDirectory /home/ridham/SpringCourse/springNew/annotationDemo/src/main/resources
2023-02-25 12:00:39,887 [Worker-59: Launching Main (1)] INFO  o.e.m.c.i.embedder.EclipseLogger - Using 'UTF-8' encoding to copy filtered resources.
2023-02-25 12:00:39,887 [Worker-59: Launching Main (1)] INFO  o.e.m.c.i.embedder.EclipseLogger - skip non existing resourceDirectory /home/ridham/SpringCourse/springNew/annotationDemo/src/test/resources
2023-02-25 12:03:47,533 [Worker-61: Building] INFO  o.e.m.c.i.embedder.EclipseLogger - Using 'UTF-8' encoding to copy filtered resources.
2023-02-25 12:03:47,533 [Worker-61: Building] INFO  o.e.m.c.i.embedder.EclipseLogger - skip non existing resourceDirectory /home/ridham/SpringCourse/springNew/annotationDemo/src/main/resources
2023-02-25 12:03:47,534 [Worker-61: Building] INFO  o.e.m.c.i.embedder.EclipseLogger - Using 'UTF-8' encoding to copy filtered resources.
2023-02-25 12:03:47,534 [Worker-61: Building] INFO  o.e.m.c.i.embedder.EclipseLogger - skip non existing resourceDirectory /home/ridham/SpringCourse/springNew/annotationDemo/src/test/resources
2023-02-25 12:04:11,007 [Worker-59: Building] INFO  o.e.m.c.i.embedder.EclipseLogger - Using 'UTF-8' encoding to copy filtered resources.
2023-02-25 12:04:11,007 [Worker-59: Building] INFO  o.e.m.c.i.embedder.EclipseLogger - skip non existing resourceDirectory /home/ridham/SpringCourse/springNew/annotationDemo/src/main/resources
2023-02-25 12:04:11,009 [Worker-59: Building] INFO  o.e.m.c.i.embedder.EclipseLogger - Using 'UTF-8' encoding to copy filtered resources.
2023-02-25 12:04:11,009 [Worker-59: Building] INFO  o.e.m.c.i.embedder.EclipseLogger - skip non existing resourceDirectory /home/ridham/SpringCourse/springNew/annotationDemo/src/test/resources
2023-02-25 12:06:31,821 [Worker-62: Building] INFO  o.e.m.c.i.embedder.EclipseLogger - Using 'UTF-8' encoding to copy filtered resources.
2023-02-25 12:06:31,821 [Worker-62: Building] INFO  o.e.m.c.i.embedder.EclipseLogger - skip non existing resourceDirectory /home/ridham/SpringCourse/springNew/annotationDemo/src/main/resources
2023-02-25 12:06:31,822 [Worker-62: Building] INFO  o.e.m.c.i.embedder.EclipseLogger - Using 'UTF-8' encoding to copy filtered resources.
2023-02-25 12:06:31,822 [Worker-62: Building] INFO  o.e.m.c.i.embedder.EclipseLogger - skip non existing resourceDirectory /home/ridham/SpringCourse/springNew/annotationDemo/src/test/resources
2023-02-25 12:06:40,955 [Worker-64: Building] INFO  o.e.m.c.i.embedder.EclipseLogger - Using 'UTF-8' encoding to copy filtered resources.
2023-02-25 12:06:40,955 [Worker-64: Building] INFO  o.e.m.c.i.embedder.EclipseLogger - skip non existing resourceDirectory /home/ridham/SpringCourse/springNew/annotationDemo/src/main/resources
2023-02-25 12:06:40,958 [Worker-64: Building] INFO  o.e.m.c.i.embedder.EclipseLogger - Using 'UTF-8' encoding to copy filtered resources.
2023-02-25 12:06:40,958 [Worker-64: Building] INFO  o.e.m.c.i.embedder.EclipseLogger - skip non existing resourceDirectory /home/ridham/SpringCourse/springNew/annotationDemo/src/test/resources
2023-02-25 12:07:21,275 [Worker-61: Building] INFO  o.e.m.c.i.embedder.EclipseLogger - Using 'UTF-8' encoding to copy filtered resources.
2023-02-25 12:07:21,276 [Worker-61: Building] INFO  o.e.m.c.i.embedder.EclipseLogger - skip non existing resourceDirectory /home/ridham/SpringCourse/springNew/annotationDemo/src/main/resources
2023-02-25 12:07:21,278 [Worker-61: Building] INFO  o.e.m.c.i.embedder.EclipseLogger - Using 'UTF-8' encoding to copy filtered resources.
2023-02-25 12:07:21,278 [Worker-61: Building] INFO  o.e.m.c.i.embedder.EclipseLogger - skip non existing resourceDirectory /home/ridham/SpringCourse/springNew/annotationDemo/src/test/resources
2023-02-25 12:09:07,967 [Worker-64: Building] INFO  o.e.m.c.i.embedder.EclipseLogger - Using 'UTF-8' encoding to copy filtered resources.
2023-02-25 12:09:07,967 [Worker-64: Building] INFO  o.e.m.c.i.embedder.EclipseLogger - skip non existing resourceDirectory /home/ridham/SpringCourse/springNew/annotationDemo/src/main/resources
2023-02-25 12:09:07,968 [Worker-64: Building] INFO  o.e.m.c.i.embedder.EclipseLogger - Using 'UTF-8' encoding to copy filtered resources.
2023-02-25 12:09:07,968 [Worker-64: Building] INFO  o.e.m.c.i.embedder.EclipseLogger - skip non existing resourceDirectory /home/ridham/SpringCourse/springNew/annotationDemo/src/test/resources
2023-02-25 12:11:59,249 [Worker-65: Building] INFO  o.e.m.c.i.embedder.EclipseLogger - Using 'UTF-8' encoding to copy filtered resources.
2023-02-25 12:11:59,249 [Worker-65: Building] INFO  o.e.m.c.i.embedder.EclipseLogger - skip non existing resourceDirectory /home/ridham/SpringCourse/springNew/annotationDemo/src/main/resources
2023-02-25 12:11:59,250 [Worker-65: Building] INFO  o.e.m.c.i.embedder.EclipseLogger - Using 'UTF-8' encoding to copy filtered resources.
2023-02-25 12:11:59,250 [Worker-65: Building] INFO  o.e.m.c.i.embedder.EclipseLogger - skip non existing resourceDirectory /home/ridham/SpringCourse/springNew/annotationDemo/src/test/resources
2023-02-25 12:12:16,226 [Worker-65: Building] INFO  o.e.m.c.i.embedder.EclipseLogger - Using 'UTF-8' encoding to copy filtered resources.
2023-02-25 12:12:16,226 [Worker-65: Building] INFO  o.e.m.c.i.embedder.EclipseLogger - skip non existing resourceDirectory /home/ridham/SpringCourse/springNew/annotationDemo/src/main/resources
2023-02-25 12:12:16,227 [Worker-65: Building] INFO  o.e.m.c.i.embedder.EclipseLogger - Using 'UTF-8' encoding to copy filtered resources.
2023-02-25 12:12:16,227 [Worker-65: Building] INFO  o.e.m.c.i.embedder.EclipseLogger - skip non existing resourceDirectory /home/ridham/SpringCourse/springNew/annotationDemo/src/test/resources
2023-02-25 12:15:13,865 [Worker-67: Building] INFO  o.e.m.c.i.embedder.EclipseLogger - Using 'UTF-8' encoding to copy filtered resources.
2023-02-25 12:15:13,866 [Worker-67: Building] INFO  o.e.m.c.i.embedder.EclipseLogger - skip non existing resourceDirectory /home/ridham/SpringCourse/springNew/annotationDemo/src/main/resources
2023-02-25 12:15:13,867 [Worker-67: Building] INFO  o.e.m.c.i.embedder.EclipseLogger - Using 'UTF-8' encoding to copy filtered resources.
2023-02-25 12:15:13,867 [Worker-67: Building] INFO  o.e.m.c.i.embedder.EclipseLogger - skip non existing resourceDirectory /home/ridham/SpringCourse/springNew/annotationDemo/src/test/resources
2023-02-25 12:16:27,204 [Worker-67: Building] INFO  o.e.m.c.i.embedder.EclipseLogger - Using 'UTF-8' encoding to copy filtered resources.
2023-02-25 12:16:27,204 [Worker-67: Building] INFO  o.e.m.c.i.embedder.EclipseLogger - skip non existing resourceDirectory /home/ridham/SpringCourse/springNew/annotationDemo/src/main/resources
2023-02-25 12:16:27,205 [Worker-67: Building] INFO  o.e.m.c.i.embedder.EclipseLogger - Using 'UTF-8' encoding to copy filtered resources.
2023-02-25 12:16:27,205 [Worker-67: Building] INFO  o.e.m.c.i.embedder.EclipseLogger - skip non existing resourceDirectory /home/ridham/SpringCourse/springNew/annotationDemo/src/test/resources
2023-02-25 12:16:49,222 [Worker-64: Building] INFO  o.e.m.c.i.embedder.EclipseLogger - Using 'UTF-8' encoding to copy filtered resources.
2023-02-25 12:16:49,222 [Worker-64: Building] INFO  o.e.m.c.i.embedder.EclipseLogger - skip non existing resourceDirectory /home/ridham/SpringCourse/springNew/annotationDemo/src/main/resources
2023-02-25 12:16:49,224 [Worker-64: Building] INFO  o.e.m.c.i.embedder.EclipseLogger - Using 'UTF-8' encoding to copy filtered resources.
2023-02-25 12:16:49,224 [Worker-64: Building] INFO  o.e.m.c.i.embedder.EclipseLogger - skip non existing resourceDirectory /home/ridham/SpringCourse/springNew/annotationDemo/src/test/resources
2023-02-25 12:17:21,308 [Worker-69: Building] INFO  o.e.m.c.i.embedder.EclipseLogger - Using 'UTF-8' encoding to copy filtered resources.
2023-02-25 12:17:21,308 [Worker-69: Building] INFO  o.e.m.c.i.embedder.EclipseLogger - skip non existing resourceDirectory /home/ridham/SpringCourse/springNew/annotationDemo/src/main/resources
2023-02-25 12:17:21,310 [Worker-69: Building] INFO  o.e.m.c.i.embedder.EclipseLogger - Using 'UTF-8' encoding to copy filtered resources.
2023-02-25 12:17:21,310 [Worker-69: Building] INFO  o.e.m.c.i.embedder.EclipseLogger - skip non existing resourceDirectory /home/ridham/SpringCourse/springNew/annotationDemo/src/test/resources
2023-02-25 12:19:09,992 [Worker-70: Building] INFO  o.e.m.c.i.embedder.EclipseLogger - Using 'UTF-8' encoding to copy filtered resources.
2023-02-25 12:19:09,992 [Worker-70: Building] INFO  o.e.m.c.i.embedder.EclipseLogger - skip non existing resourceDirectory /home/ridham/SpringCourse/springNew/annotationDemo/src/main/resources
2023-02-25 12:19:09,993 [Worker-70: Building] INFO  o.e.m.c.i.embedder.EclipseLogger - Using 'UTF-8' encoding to copy filtered resources.
2023-02-25 12:19:09,993 [Worker-70: Building] INFO  o.e.m.c.i.embedder.EclipseLogger - skip non existing resourceDirectory /home/ridham/SpringCourse/springNew/annotationDemo/src/test/resources
2023-02-25 12:19:32,581 [Worker-70: Building] INFO  o.e.m.c.i.embedder.EclipseLogger - Using 'UTF-8' encoding to copy filtered resources.
2023-02-25 12:19:32,581 [Worker-70: Building] INFO  o.e.m.c.i.embedder.EclipseLogger - skip non existing resourceDirectory /home/ridham/SpringCourse/springNew/annotationDemo/src/main/resources
2023-02-25 12:19:32,582 [Worker-70: Building] INFO  o.e.m.c.i.embedder.EclipseLogger - Using 'UTF-8' encoding to copy filtered resources.
2023-02-25 12:19:32,582 [Worker-70: Building] INFO  o.e.m.c.i.embedder.EclipseLogger - skip non existing resourceDirectory /home/ridham/SpringCourse/springNew/annotationDemo/src/test/resources
2023-02-25 14:52:40,081 [Worker-74: Building] INFO  o.e.m.c.i.embedder.EclipseLogger - Using 'UTF-8' encoding to copy filtered resources.
2023-02-25 14:52:40,081 [Worker-74: Building] INFO  o.e.m.c.i.embedder.EclipseLogger - skip non existing resourceDirectory /home/ridham/SpringCourse/springNew/annotationDemo/src/main/resources
2023-02-25 14:52:40,082 [Worker-74: Building] INFO  o.e.m.c.i.embedder.EclipseLogger - Using 'UTF-8' encoding to copy filtered resources.
2023-02-25 14:52:40,082 [Worker-74: Building] INFO  o.e.m.c.i.embedder.EclipseLogger - skip non existing resourceDirectory /home/ridham/SpringCourse/springNew/annotationDemo/src/test/resources
2023-02-25 14:54:32,754 [Worker-78: Building] INFO  o.e.m.c.i.embedder.EclipseLogger - Using 'UTF-8' encoding to copy filtered resources.
2023-02-25 14:54:32,754 [Worker-78: Building] INFO  o.e.m.c.i.embedder.EclipseLogger - skip non existing resourceDirectory /home/ridham/SpringCourse/springNew/annotationDemo/src/main/resources
2023-02-25 14:54:32,755 [Worker-78: Building] INFO  o.e.m.c.i.embedder.EclipseLogger - Using 'UTF-8' encoding to copy filtered resources.
2023-02-25 14:54:32,756 [Worker-78: Building] INFO  o.e.m.c.i.embedder.EclipseLogger - skip non existing resourceDirectory /home/ridham/SpringCourse/springNew/annotationDemo/src/test/resources
2023-02-25 14:55:37,751 [Worker-74: Building] INFO  o.e.m.c.i.embedder.EclipseLogger - Using 'UTF-8' encoding to copy filtered resources.
2023-02-25 14:55:37,751 [Worker-74: Building] INFO  o.e.m.c.i.embedder.EclipseLogger - skip non existing resourceDirectory /home/ridham/SpringCourse/springNew/annotationDemo/src/main/resources
2023-02-25 14:55:37,752 [Worker-74: Building] INFO  o.e.m.c.i.embedder.EclipseLogger - Using 'UTF-8' encoding to copy filtered resources.
2023-02-25 14:55:37,752 [Worker-74: Building] INFO  o.e.m.c.i.embedder.EclipseLogger - skip non existing resourceDirectory /home/ridham/SpringCourse/springNew/annotationDemo/src/test/resources
2023-02-25 14:55:41,945 [Worker-64: Building] INFO  o.e.m.c.i.embedder.EclipseLogger - Using 'UTF-8' encoding to copy filtered resources.
2023-02-25 14:55:41,945 [Worker-64: Building] INFO  o.e.m.c.i.embedder.EclipseLogger - skip non existing resourceDirectory /home/ridham/SpringCourse/springNew/annotationDemo/src/main/resources
2023-02-25 14:55:41,946 [Worker-64: Building] INFO  o.e.m.c.i.embedder.EclipseLogger - Using 'UTF-8' encoding to copy filtered resources.
2023-02-25 14:55:41,946 [Worker-64: Building] INFO  o.e.m.c.i.embedder.EclipseLogger - skip non existing resourceDirectory /home/ridham/SpringCourse/springNew/annotationDemo/src/test/resources
2023-02-25 14:56:12,959 [Worker-76: Building] INFO  o.e.m.c.i.embedder.EclipseLogger - Using 'UTF-8' encoding to copy filtered resources.
2023-02-25 14:56:12,959 [Worker-76: Building] INFO  o.e.m.c.i.embedder.EclipseLogger - skip non existing resourceDirectory /home/ridham/SpringCourse/springNew/annotationDemo/src/main/resources
2023-02-25 14:56:12,960 [Worker-76: Building] INFO  o.e.m.c.i.embedder.EclipseLogger - Using 'UTF-8' encoding to copy filtered resources.
2023-02-25 14:56:12,960 [Worker-76: Building] INFO  o.e.m.c.i.embedder.EclipseLogger - skip non existing resourceDirectory /home/ridham/SpringCourse/springNew/annotationDemo/src/test/resources
2023-02-25 15:05:35,822 [Worker-79: Launching mavenrun-01a92955-7035-45ae-8bb2-218b2f8f9c11] INFO  o.e.m.i.launch.MavenLaunchDelegate - Run build in "/tmp/m2e-archetypeGenerator191623940966925627":
2023-02-25 15:05:35,822 [Worker-79: Launching mavenrun-01a92955-7035-45ae-8bb2-218b2f8f9c11] INFO  o.e.m.i.launch.MavenLaunchDelegate -  mvn  -DarchetypeGroupId=org.apache.maven.archetypes -DarchetypeArtifactId=maven-archetype-quickstart -DarchetypeVersion=1.1 -DgroupId=com.java.annotation -DartifactId=SpringConfigClass -Dversion=0.0.1-SNAPSHOT -Dpackage=com.java.annotation.SpringConfigClass -DoutputDirectory=/home/ridham/SpringCourse/springNew -Dstyle.color=always -U archetype:generate
2023-02-25 15:05:48,827 [Worker-76: Creating maven-archetype-quickstart] INFO  o.e.m.c.i.p.ProjectConfigurationManager - Collecting project info '/pom.xml' /home/ridham/SpringCourse/springNew/SpringConfigClass/pom.xml
2023-02-25 15:05:48,854 [Worker-76: Creating maven-archetype-quickstart] INFO  o.e.m.c.i.l.LifecycleMappingFactory - Using org.eclipse.m2e.jdt.JarLifecycleMapping lifecycle mapping for MavenProject: com.java.annotation:SpringConfigClass:0.0.1-SNAPSHOT @ /home/ridham/SpringCourse/springNew/SpringConfigClass/pom.xml.
2023-02-25 15:05:48,999 [Worker-76: Creating maven-archetype-quickstart] INFO  o.e.m.j.i.AbstractJavaProjectConfigurator - Adding source folder /SpringConfigClass/src/main/java
2023-02-25 15:05:49,000 [Worker-76: Creating maven-archetype-quickstart] INFO  o.e.m.j.i.AbstractJavaProjectConfigurator - Adding source folder /SpringConfigClass/src/test/java
2023-02-25 15:05:49,015 [Worker-76: Creating maven-archetype-quickstart] INFO  o.e.m.c.i.p.ProjectConfigurationManager - Imported and configured 1 project(s) in 0 sec
2023-02-25 15:05:49,176 [Worker-82: Building] INFO  o.e.m.c.i.embedder.EclipseLogger - Using 'UTF-8' encoding to copy filtered resources.
2023-02-25 15:05:49,176 [Worker-82: Building] INFO  o.e.m.c.i.embedder.EclipseLogger - skip non existing resourceDirectory /home/ridham/SpringCourse/springNew/SpringConfigClass/src/main/resources
2023-02-25 15:05:49,177 [Worker-82: Building] INFO  o.e.m.c.i.embedder.EclipseLogger - Using 'UTF-8' encoding to copy filtered resources.
2023-02-25 15:05:49,177 [Worker-82: Building] INFO  o.e.m.c.i.embedder.EclipseLogger - skip non existing resourceDirectory /home/ridham/SpringCourse/springNew/SpringConfigClass/src/test/resources
2023-02-25 15:06:09,247 [Worker-82: Building] INFO  o.e.m.c.i.embedder.EclipseLogger - Using 'UTF-8' encoding to copy filtered resources.
2023-02-25 15:06:09,248 [Worker-82: Building] INFO  o.e.m.c.i.embedder.EclipseLogger - skip non existing resourceDirectory /home/ridham/SpringCourse/springNew/SpringConfigClass/src/main/resources
2023-02-25 15:06:09,248 [Worker-82: Building] INFO  o.e.m.c.i.embedder.EclipseLogger - Using 'UTF-8' encoding to copy filtered resources.
2023-02-25 15:06:09,248 [Worker-82: Building] INFO  o.e.m.c.i.embedder.EclipseLogger - skip non existing resourceDirectory /home/ridham/SpringCourse/springNew/SpringConfigClass/src/test/resources
2023-02-25 15:07:36,471 [Worker-80: Building] INFO  o.e.m.c.i.embedder.EclipseLogger - Using 'UTF-8' encoding to copy filtered resources.
2023-02-25 15:07:36,472 [Worker-80: Building] INFO  o.e.m.c.i.embedder.EclipseLogger - skip non existing resourceDirectory /home/ridham/SpringCourse/springNew/annotationDemo/src/main/resources
2023-02-25 15:07:36,473 [Worker-80: Building] INFO  o.e.m.c.i.embedder.EclipseLogger - Using 'UTF-8' encoding to copy filtered resources.
2023-02-25 15:07:36,473 [Worker-80: Building] INFO  o.e.m.c.i.embedder.EclipseLogger - skip non existing resourceDirectory /home/ridham/SpringCourse/springNew/annotationDemo/src/test/resources
2023-02-25 15:11:15,581 [Worker-82: Building] INFO  o.e.m.c.i.embedder.EclipseLogger - Using 'UTF-8' encoding to copy filtered resources.
2023-02-25 15:11:15,581 [Worker-82: Building] INFO  o.e.m.c.i.embedder.EclipseLogger - skip non existing resourceDirectory /home/ridham/SpringCourse/springNew/annotationDemo/src/main/resources
2023-02-25 15:11:15,584 [Worker-82: Building] INFO  o.e.m.c.i.embedder.EclipseLogger - Using 'UTF-8' encoding to copy filtered resources.
2023-02-25 15:11:15,584 [Worker-82: Building] INFO  o.e.m.c.i.embedder.EclipseLogger - skip non existing resourceDirectory /home/ridham/SpringCourse/springNew/annotationDemo/src/test/resources
2023-02-25 15:11:19,182 [Worker-79: Launching Main (1)] INFO  o.e.m.c.i.embedder.EclipseLogger - Using 'UTF-8' encoding to copy filtered resources.
2023-02-25 15:11:19,183 [Worker-79: Launching Main (1)] INFO  o.e.m.c.i.embedder.EclipseLogger - skip non existing resourceDirectory /home/ridham/SpringCourse/springNew/annotationDemo/src/main/resources
2023-02-25 15:11:19,185 [Worker-79: Launching Main (1)] INFO  o.e.m.c.i.embedder.EclipseLogger - Using 'UTF-8' encoding to copy filtered resources.
2023-02-25 15:11:19,185 [Worker-79: Launching Main (1)] INFO  o.e.m.c.i.embedder.EclipseLogger - skip non existing resourceDirectory /home/ridham/SpringCourse/springNew/annotationDemo/src/test/resources
2023-02-25 15:15:25,556 [Worker-84: Building] INFO  o.e.m.c.i.embedder.EclipseLogger - Using 'UTF-8' encoding to copy filtered resources.
2023-02-25 15:15:25,556 [Worker-84: Building] INFO  o.e.m.c.i.embedder.EclipseLogger - skip non existing resourceDirectory /home/ridham/SpringCourse/springNew/annotationDemo/src/main/resources
2023-02-25 15:15:25,558 [Worker-84: Building] INFO  o.e.m.c.i.embedder.EclipseLogger - Using 'UTF-8' encoding to copy filtered resources.
2023-02-25 15:15:25,558 [Worker-84: Building] INFO  o.e.m.c.i.embedder.EclipseLogger - skip non existing resourceDirectory /home/ridham/SpringCourse/springNew/annotationDemo/src/test/resources
2023-02-25 15:15:33,862 [Worker-80: Building] INFO  o.e.m.c.i.embedder.EclipseLogger - Using 'UTF-8' encoding to copy filtered resources.
2023-02-25 15:15:33,862 [Worker-80: Building] INFO  o.e.m.c.i.embedder.EclipseLogger - skip non existing resourceDirectory /home/ridham/SpringCourse/springNew/annotationDemo/src/main/resources
2023-02-25 15:15:33,863 [Worker-80: Building] INFO  o.e.m.c.i.embedder.EclipseLogger - Using 'UTF-8' encoding to copy filtered resources.
2023-02-25 15:15:33,863 [Worker-80: Building] INFO  o.e.m.c.i.embedder.EclipseLogger - skip non existing resourceDirectory /home/ridham/SpringCourse/springNew/annotationDemo/src/test/resources
2023-02-25 15:19:49,733 [Worker-88: Building] INFO  o.e.m.c.i.embedder.EclipseLogger - Using 'UTF-8' encoding to copy filtered resources.
2023-02-25 15:19:49,733 [Worker-88: Building] INFO  o.e.m.c.i.embedder.EclipseLogger - skip non existing resourceDirectory /home/ridham/SpringCourse/springNew/SpringConfigClass/src/main/resources
2023-02-25 15:19:49,734 [Worker-88: Building] INFO  o.e.m.c.i.embedder.EclipseLogger - Using 'UTF-8' encoding to copy filtered resources.
2023-02-25 15:19:49,734 [Worker-88: Building] INFO  o.e.m.c.i.embedder.EclipseLogger - skip non existing resourceDirectory /home/ridham/SpringCourse/springNew/SpringConfigClass/src/test/resources
2023-02-25 15:24:59,936 [Worker-84: Building] INFO  o.e.m.c.i.embedder.EclipseLogger - Using 'UTF-8' encoding to copy filtered resources.
2023-02-25 15:24:59,936 [Worker-84: Building] INFO  o.e.m.c.i.embedder.EclipseLogger - skip non existing resourceDirectory /home/ridham/SpringCourse/springNew/SpringConfigClass/src/main/resources
2023-02-25 15:24:59,937 [Worker-84: Building] INFO  o.e.m.c.i.embedder.EclipseLogger - Using 'UTF-8' encoding to copy filtered resources.
2023-02-25 15:24:59,937 [Worker-84: Building] INFO  o.e.m.c.i.embedder.EclipseLogger - skip non existing resourceDirectory /home/ridham/SpringCourse/springNew/SpringConfigClass/src/test/resources
2023-02-25 15:25:43,360 [Worker-90: Building] INFO  o.e.m.c.i.l.LifecycleMappingFactory - Using org.eclipse.m2e.jdt.JarLifecycleMapping lifecycle mapping for MavenProject: com.java.annotation:SpringConfigClass:0.0.1-SNAPSHOT @ /home/ridham/SpringCourse/springNew/SpringConfigClass/pom.xml.
2023-02-25 15:25:43,393 [Worker-90: Building] INFO  o.e.m.c.i.embedder.EclipseLogger - Using 'UTF-8' encoding to copy filtered resources.
2023-02-25 15:25:43,393 [Worker-90: Building] INFO  o.e.m.c.i.embedder.EclipseLogger - skip non existing resourceDirectory /home/ridham/SpringCourse/springNew/SpringConfigClass/src/main/resources
2023-02-25 15:25:43,394 [Worker-90: Building] INFO  o.e.m.c.i.embedder.EclipseLogger - Using 'UTF-8' encoding to copy filtered resources.
2023-02-25 15:25:43,394 [Worker-90: Building] INFO  o.e.m.c.i.embedder.EclipseLogger - skip non existing resourceDirectory /home/ridham/SpringCourse/springNew/SpringConfigClass/src/test/resources
2023-02-25 15:25:44,529 [Worker-87: Building] INFO  o.e.m.c.i.embedder.EclipseLogger - Using 'UTF-8' encoding to copy filtered resources.
2023-02-25 15:25:44,529 [Worker-87: Building] INFO  o.e.m.c.i.embedder.EclipseLogger - skip non existing resourceDirectory /home/ridham/SpringCourse/springNew/SpringConfigClass/src/main/resources
2023-02-25 15:25:44,530 [Worker-87: Building] INFO  o.e.m.c.i.embedder.EclipseLogger - Using 'UTF-8' encoding to copy filtered resources.
2023-02-25 15:25:44,530 [Worker-87: Building] INFO  o.e.m.c.i.embedder.EclipseLogger - skip non existing resourceDirectory /home/ridham/SpringCourse/springNew/SpringConfigClass/src/test/resources
2023-02-25 15:25:50,626 [Worker-89: Building] INFO  o.e.m.c.i.embedder.EclipseLogger - Using 'UTF-8' encoding to copy filtered resources.
2023-02-25 15:25:50,626 [Worker-89: Building] INFO  o.e.m.c.i.embedder.EclipseLogger - skip non existing resourceDirectory /home/ridham/SpringCourse/springNew/SpringConfigClass/src/main/resources
2023-02-25 15:25:50,628 [Worker-89: Building] INFO  o.e.m.c.i.embedder.EclipseLogger - Using 'UTF-8' encoding to copy filtered resources.
2023-02-25 15:25:50,628 [Worker-89: Building] INFO  o.e.m.c.i.embedder.EclipseLogger - skip non existing resourceDirectory /home/ridham/SpringCourse/springNew/SpringConfigClass/src/test/resources
2023-02-25 15:27:09,933 [Worker-89: Building Workspace] INFO  o.e.m.c.i.embedder.EclipseLogger - Using 'UTF-8' encoding to copy filtered resources.
2023-02-25 15:27:09,933 [Worker-89: Building Workspace] INFO  o.e.m.c.i.embedder.EclipseLogger - skip non existing resourceDirectory /home/ridham/SpringCourse/springNew/SpringConfigClass/src/main/resources
2023-02-25 15:27:09,935 [Worker-89: Building Workspace] INFO  o.e.m.c.i.embedder.EclipseLogger - Using 'UTF-8' encoding to copy filtered resources.
2023-02-25 15:27:09,935 [Worker-89: Building Workspace] INFO  o.e.m.c.i.embedder.EclipseLogger - skip non existing resourceDirectory /home/ridham/SpringCourse/springNew/SpringConfigClass/src/test/resources
2023-02-25 15:27:19,721 [Worker-89: Building] INFO  o.e.m.c.i.embedder.EclipseLogger - Using 'UTF-8' encoding to copy filtered resources.
2023-02-25 15:27:19,721 [Worker-89: Building] INFO  o.e.m.c.i.embedder.EclipseLogger - skip non existing resourceDirectory /home/ridham/SpringCourse/springNew/SpringConfigClass/src/main/resources
2023-02-25 15:27:19,722 [Worker-89: Building] INFO  o.e.m.c.i.embedder.EclipseLogger - Using 'UTF-8' encoding to copy filtered resources.
2023-02-25 15:27:19,722 [Worker-89: Building] INFO  o.e.m.c.i.embedder.EclipseLogger - skip non existing resourceDirectory /home/ridham/SpringCourse/springNew/SpringConfigClass/src/test/resources
2023-02-25 15:27:47,626 [Worker-89: Building] INFO  o.e.m.c.i.embedder.EclipseLogger - Using 'UTF-8' encoding to copy filtered resources.
2023-02-25 15:27:47,627 [Worker-89: Building] INFO  o.e.m.c.i.embedder.EclipseLogger - skip non existing resourceDirectory /home/ridham/SpringCourse/springNew/SpringConfigClass/src/main/resources
2023-02-25 15:27:47,628 [Worker-89: Building] INFO  o.e.m.c.i.embedder.EclipseLogger - Using 'UTF-8' encoding to copy filtered resources.
2023-02-25 15:27:47,629 [Worker-89: Building] INFO  o.e.m.c.i.embedder.EclipseLogger - skip non existing resourceDirectory /home/ridham/SpringCourse/springNew/SpringConfigClass/src/test/resources
2023-02-25 15:27:48,649 [Worker-90: Building] INFO  o.e.m.c.i.embedder.EclipseLogger - Using 'UTF-8' encoding to copy filtered resources.
2023-02-25 15:27:48,649 [Worker-90: Building] INFO  o.e.m.c.i.embedder.EclipseLogger - skip non existing resourceDirectory /home/ridham/SpringCourse/springNew/SpringConfigClass/src/main/resources
2023-02-25 15:27:48,651 [Worker-90: Building] INFO  o.e.m.c.i.embedder.EclipseLogger - Using 'UTF-8' encoding to copy filtered resources.
2023-02-25 15:27:48,652 [Worker-90: Building] INFO  o.e.m.c.i.embedder.EclipseLogger - skip non existing resourceDirectory /home/ridham/SpringCourse/springNew/SpringConfigClass/src/test/resources
2023-02-25 15:29:08,780 [Worker-90: Building] INFO  o.e.m.c.i.embedder.EclipseLogger - Using 'UTF-8' encoding to copy filtered resources.
2023-02-25 15:29:08,781 [Worker-90: Building] INFO  o.e.m.c.i.embedder.EclipseLogger - skip non existing resourceDirectory /home/ridham/SpringCourse/springNew/annotationDemo/src/main/resources
2023-02-25 15:29:08,782 [Worker-90: Building] INFO  o.e.m.c.i.embedder.EclipseLogger - Using 'UTF-8' encoding to copy filtered resources.
2023-02-25 15:29:08,782 [Worker-90: Building] INFO  o.e.m.c.i.embedder.EclipseLogger - skip non existing resourceDirectory /home/ridham/SpringCourse/springNew/annotationDemo/src/test/resources
2023-02-25 15:29:53,248 [Worker-90: Building] INFO  o.e.m.c.i.embedder.EclipseLogger - Using 'UTF-8' encoding to copy filtered resources.
2023-02-25 15:29:53,248 [Worker-90: Building] INFO  o.e.m.c.i.embedder.EclipseLogger - skip non existing resourceDirectory /home/ridham/SpringCourse/springNew/annotationDemo/src/main/resources
2023-02-25 15:29:53,250 [Worker-90: Building] INFO  o.e.m.c.i.embedder.EclipseLogger - Using 'UTF-8' encoding to copy filtered resources.
2023-02-25 15:29:53,250 [Worker-90: Building] INFO  o.e.m.c.i.embedder.EclipseLogger - skip non existing resourceDirectory /home/ridham/SpringCourse/springNew/annotationDemo/src/test/resources
2023-02-25 15:30:54,321 [Worker-90: Building] INFO  o.e.m.c.i.embedder.EclipseLogger - Using 'UTF-8' encoding to copy filtered resources.
2023-02-25 15:30:54,321 [Worker-90: Building] INFO  o.e.m.c.i.embedder.EclipseLogger - skip non existing resourceDirectory /home/ridham/SpringCourse/springNew/annotationDemo/src/main/resources
2023-02-25 15:30:54,322 [Worker-90: Building] INFO  o.e.m.c.i.embedder.EclipseLogger - Using 'UTF-8' encoding to copy filtered resources.
2023-02-25 15:30:54,322 [Worker-90: Building] INFO  o.e.m.c.i.embedder.EclipseLogger - skip non existing resourceDirectory /home/ridham/SpringCourse/springNew/annotationDemo/src/test/resources
